#
# There is insufficient memory for the Java Runtime Environment to continue.
# Native memory allocation (mmap) failed to map 34078720 bytes for committing reserved memory.
# Possible reasons:
#   The system is out of physical RAM or swap space
#   In 32 bit mode, the process size limit was hit
# Possible solutions:
#   Reduce memory load on the system
#   Increase physical memory or swap space
#   Check if swap backing store is full
#   Use 64 bit Java on a 64 bit OS
#   Decrease Java heap size (-Xmx/-Xms)
#   Decrease number of Java threads
#   Decrease Java thread stack sizes (-Xss)
#   Set larger code cache with -XX:ReservedCodeCacheSize=
# This output file may be truncated or incomplete.
#
#  Out of Memory Error (os_linux.cpp:2627), pid=3426, tid=140646316594944
#
# JRE version: Java(TM) SE Runtime Environment (8.0_91-b14) (build 1.8.0_91-b14)
# Java VM: Java HotSpot(TM) 64-Bit Server VM (25.91-b14 mixed mode linux-amd64 compressed oops)
# Failed to write core dump. Core dumps have been disabled. To enable core dumping, try "ulimit -c unlimited" before starting Java again
#

---------------  T H R E A D  ---------------

Current thread (0x00007fead8074000):  VMThread [stack: 0x00007feac5ad5000,0x00007feac5bd6000] [id=3434]

Stack: [0x00007feac5ad5000,0x00007feac5bd6000],  sp=0x00007feac5bd43a0,  free space=1020k
Native frames: (J=compiled Java code, j=interpreted, Vv=VM code, C=native code)
V  [libjvm.so+0xabc18a]  VMError::report_and_die()+0x2ba
V  [libjvm.so+0x4fafeb]  report_vm_out_of_memory(char const*, int, unsigned long, VMErrorType, char const*)+0x8b
V  [libjvm.so+0x91cbb3]  os::Linux::commit_memory_impl(char*, unsigned long, bool)+0x103
V  [libjvm.so+0x91d109]  os::pd_commit_memory(char*, unsigned long, unsigned long, bool)+0x29
V  [libjvm.so+0x91740a]  os::commit_memory(char*, unsigned long, unsigned long, bool)+0x2a
V  [libjvm.so+0x98b033]  PSVirtualSpace::expand_by(unsigned long)+0x53
V  [libjvm.so+0x97b920]  PSOldGen::expand(unsigned long)+0x170
V  [libjvm.so+0x97bb2b]  PSOldGen::resize(unsigned long)+0x1cb
V  [libjvm.so+0x983801]  PSParallelCompact::invoke_no_policy(bool)+0x991
V  [libjvm.so+0x98915d]  PSScavenge::invoke()+0x1ad
V  [libjvm.so+0x9408b0]  ParallelScavengeHeap::failed_mem_allocate(unsigned long)+0x70
V  [libjvm.so+0xabdba7]  VM_ParallelGCFailedAllocation::doit()+0x97
V  [libjvm.so+0xac55d5]  VM_Operation::evaluate()+0x55
V  [libjvm.so+0xac39aa]  VMThread::evaluate_operation(VM_Operation*)+0xba
V  [libjvm.so+0xac3d2e]  VMThread::loop()+0x1ce
V  [libjvm.so+0xac41a0]  VMThread::run()+0x70
V  [libjvm.so+0x91ef78]  java_start(Thread*)+0x108

VM_Operation (0x00007fea97dfa930): ParallelGCFailedAllocation, mode: safepoint, requested by thread 0x00007fea84053000


---------------  P R O C E S S  ---------------

Java Threads: ( => current thread )
  0x00007fea84053000 JavaThread "nREPL-worker-7" daemon [_thread_blocked, id=4132, stack(0x00007fea97cff000,0x00007fea97e00000)]
  0x00007fea84038800 JavaThread "pool-5-thread-1" daemon [_thread_blocked, id=4040, stack(0x00007fea96ff2000,0x00007fea970f3000)]
  0x00007fea84003800 JavaThread "cluster-ClusterId{value='579895200898cc0d6297d259', description='null'}-172.17.0.5:27017" daemon [_thread_blocked, id=4039, stack(0x00007fea970f3000,0x00007fea971f4000)]
  0x00007fea84025800 JavaThread "clojure-agent-send-off-pool-14" [_thread_in_native, id=4036, stack(0x00007fea976f9000,0x00007fea977fa000)]
  0x00007fea8404e000 JavaThread "clojure-agent-send-off-pool-13" [_thread_blocked, id=4035, stack(0x00007fea97afd000,0x00007fea97bfe000)]
  0x00007fea84026800 JavaThread "pool-4-thread-1" daemon [_thread_blocked, id=3940, stack(0x00007fea971f4000,0x00007fea972f5000)]
  0x00007fea8402b000 JavaThread "cluster-ClusterId{value='5798941b0898cc0d6297d244', description='null'}-172.17.0.5:27017" daemon [_thread_blocked, id=3939, stack(0x00007fea972f5000,0x00007fea973f6000)]
  0x00007fea84057000 JavaThread "pool-3-thread-1" daemon [_thread_blocked, id=3880, stack(0x00007fea973f6000,0x00007fea974f7000)]
  0x00007fea84024000 JavaThread "cluster-ClusterId{value='579893f50898cc0d6297d242', description='null'}-172.17.0.5:27017" daemon [_thread_blocked, id=3879, stack(0x00007fea974f7000,0x00007fea975f8000)]
  0x00007fea8404b000 JavaThread "pool-2-thread-1" daemon [_thread_blocked, id=3711, stack(0x00007fea975f8000,0x00007fea976f9000)]
  0x00007fea84047800 JavaThread "cluster-ClusterId{value='579893690898cc0d6297d240', description='null'}-172.17.0.5:27017" daemon [_thread_blocked, id=3710, stack(0x00007fea97bfe000,0x00007fea97cff000)]
  0x00007fea8c005800 JavaThread "clojure-agent-send-off-pool-6" [_thread_in_native, id=3454, stack(0x00007fea977fa000,0x00007fea978fb000)]
  0x00000000008ed800 JavaThread "clojure-agent-send-off-pool-4" [_thread_blocked, id=3452, stack(0x00007fea979fc000,0x00007fea97afd000)]
  0x00007fead863d000 JavaThread "pool-1-thread-1" daemon [_thread_blocked, id=3443, stack(0x00007feac437e000,0x00007feac447f000)]
  0x00007fead862d800 JavaThread "cluster-ClusterId{value='5798908e0898cc0d6297d23f', description='null'}-172.17.0.5:27017" daemon [_thread_blocked, id=3442, stack(0x00007feac467f000,0x00007feac4780000)]
  0x00007fead80bb000 JavaThread "Service Thread" daemon [_thread_blocked, id=3440, stack(0x00007feac5346000,0x00007feac5447000)]
  0x00007fead80b8000 JavaThread "C1 CompilerThread1" daemon [_thread_blocked, id=3439, stack(0x00007feac5447000,0x00007feac5548000)]
  0x00007fead80b5000 JavaThread "C2 CompilerThread0" daemon [_thread_blocked, id=3438, stack(0x00007feac5548000,0x00007feac5649000)]
  0x00007fead80b3800 JavaThread "Signal Dispatcher" daemon [_thread_blocked, id=3437, stack(0x00007feac5649000,0x00007feac574a000)]
  0x00007fead8080000 JavaThread "Finalizer" daemon [_thread_blocked, id=3436, stack(0x00007feac58d3000,0x00007feac59d4000)]
  0x00007fead807b800 JavaThread "Reference Handler" daemon [_thread_blocked, id=3435, stack(0x00007feac59d4000,0x00007feac5ad5000)]
  0x00007fead800a800 JavaThread "main" [_thread_blocked, id=3429, stack(0x00007feade643000,0x00007feade744000)]

Other Threads:
=>0x00007fead8074000 VMThread [stack: 0x00007feac5ad5000,0x00007feac5bd6000] [id=3434]
  0x00007fead80be000 WatcherThread [stack: 0x00007feac5245000,0x00007feac5346000] [id=3441]

VM state:at safepoint (normal execution)

VM Mutex/Monitor currently owned by a thread:  ([mutex/lock_event])
[0x00007fead8006390] ExpandHeap_lock - owner thread: 0x00007fead8074000
[0x00007fead8006a10] Threads_lock - owner thread: 0x00007fead8074000
[0x00007fead8006f10] Heap_lock - owner thread: 0x00007fea84053000

Heap:
 PSYoungGen      total 154624K, used 0K [0x00000000f5800000, 0x00000000fff00000, 0x0000000100000000)
  eden space 140288K, 0% used [0x00000000f5800000,0x00000000f5800000,0x00000000fe100000)
  from space 14336K, 0% used [0x00000000ff100000,0x00000000ff100000,0x00000000fff00000)
  to   space 15360K, 0% used [0x00000000fe100000,0x00000000fe100000,0x00000000ff000000)
 ParOldGen       total 78848K, used 64746K [0x00000000e0800000, 0x00000000e5500000, 0x00000000f5800000)
  object space 78848K, 82% used [0x00000000e0800000,0x00000000e473aaf8,0x00000000e5500000)
 Metaspace       used 20196K, capacity 22075K, committed 24320K, reserved 1067008K
  class space    used 4343K, capacity 5097K, committed 5888K, reserved 1048576K

Card table byte_map: [0x00007feac82f9000,0x00007feac83f6000] byte_map_base: 0x00007feac7bf5000

Marking Bits: (ParMarkBitMap*) 0x00007feaddb21d60
 Begin Bits: [0x00007feac7137000, 0x00007feac7917000)
 End Bits:   [0x00007feac7917000, 0x00007feac80f7000)

Polling page: 0x00007feade74d000

CodeCache: size=245760Kb used=6774Kb max_used=6774Kb free=238985Kb
 bounds [0x00007feac87b6000, 0x00007feac8e56000, 0x00007fead77b6000]
 total_blobs=3628 nmethods=3238 adapters=305
 compilation: enabled

Compilation events (10 events):
Event: 1240.256 Thread 0x00007fead80b8000 3265       1       java.nio.charset.CharsetEncoder::<init> (113 bytes)
Event: 1240.258 Thread 0x00007fead80b8000 nmethod 3265 0x00007feac8e52990 code [0x00007feac8e52b40, 0x00007feac8e52f88]
Event: 1240.500 Thread 0x00007fead80b8000 3266       1       java.nio.charset.CharsetDecoder::charset (5 bytes)
Event: 1240.501 Thread 0x00007fead80b8000 nmethod 3266 0x00007feac8e53150 code [0x00007feac8e532a0, 0x00007feac8e533b0]
Event: 1240.645 Thread 0x00007fead80b8000 3267       1       java.nio.charset.Charset::lookup2 (78 bytes)
Event: 1240.646 Thread 0x00007fead80b8000 nmethod 3267 0x00007feac8e53410 code [0x00007feac8e535e0, 0x00007feac8e53b28]
Event: 1240.743 Thread 0x00007fead80b8000 3268       1       java.nio.charset.CharsetEncoder::onMalformedInput (26 bytes)
Event: 1240.743 Thread 0x00007fead80b8000 nmethod 3268 0x00007feac8e53e90 code [0x00007feac8e54000, 0x00007feac8e541e8]
Event: 1240.743 Thread 0x00007fead80b8000 3269       1       java.nio.charset.CharsetEncoder::implOnMalformedInput (1 bytes)
Event: 1240.743 Thread 0x00007fead80b8000 nmethod 3269 0x00007feac8e54290 code [0x00007feac8e543e0, 0x00007feac8e544f0]

GC Heap History (10 events):
Event: 1237.357 GC heap after
Heap after GC invocations=15 (full 2):
 PSYoungGen      total 159744K, used 12256K [0x00000000f5800000, 0x0000000100000000, 0x0000000100000000)
  eden space 147456K, 0% used [0x00000000f5800000,0x00000000f5800000,0x00000000fe800000)
  from space 12288K, 99% used [0x00000000fe800000,0x00000000ff3f8010,0x00000000ff400000)
  to   space 12288K, 0% used [0x00000000ff400000,0x00000000ff400000,0x0000000100000000)
 ParOldGen       total 49152K, used 33462K [0x00000000e0800000, 0x00000000e3800000, 0x00000000f5800000)
  object space 49152K, 68% used [0x00000000e0800000,0x00000000e28ad9d8,0x00000000e3800000)
 Metaspace       used 20196K, capacity 22075K, committed 24320K, reserved 1067008K
  class space    used 4343K, capacity 5097K, committed 5888K, reserved 1048576K
}
Event: 1238.471 GC heap before
{Heap before GC invocations=16 (full 2):
 PSYoungGen      total 159744K, used 159712K [0x00000000f5800000, 0x0000000100000000, 0x0000000100000000)
  eden space 147456K, 100% used [0x00000000f5800000,0x00000000fe800000,0x00000000fe800000)
  from space 12288K, 99% used [0x00000000fe800000,0x00000000ff3f8010,0x00000000ff400000)
  to   space 12288K, 0% used [0x00000000ff400000,0x00000000ff400000,0x0000000100000000)
 ParOldGen       total 49152K, used 33462K [0x00000000e0800000, 0x00000000e3800000, 0x00000000f5800000)
  object space 49152K, 68% used [0x00000000e0800000,0x00000000e28ad9d8,0x00000000e3800000)
 Metaspace       used 20196K, capacity 22075K, committed 24320K, reserved 1067008K
  class space    used 4343K, capacity 5097K, committed 5888K, reserved 1048576K
Event: 1238.507 GC heap after
Heap after GC invocations=16 (full 2):
 PSYoungGen      total 151552K, used 4608K [0x00000000f5800000, 0x0000000100000000, 0x0000000100000000)
  eden space 139264K, 0% used [0x00000000f5800000,0x00000000f5800000,0x00000000fe000000)
  from space 12288K, 37% used [0x00000000ff400000,0x00000000ff880000,0x0000000100000000)
  to   space 16384K, 0% used [0x00000000fe000000,0x00000000fe000000,0x00000000ff000000)
 ParOldGen       total 49152K, used 45526K [0x00000000e0800000, 0x00000000e3800000, 0x00000000f5800000)
  object space 49152K, 92% used [0x00000000e0800000,0x00000000e34759e8,0x00000000e3800000)
 Metaspace       used 20196K, capacity 22075K, committed 24320K, reserved 1067008K
  class space    used 4343K, capacity 5097K, committed 5888K, reserved 1048576K
}
Event: 1238.507 GC heap before
{Heap before GC invocations=17 (full 3):
 PSYoungGen      total 151552K, used 4608K [0x00000000f5800000, 0x0000000100000000, 0x0000000100000000)
  eden space 139264K, 0% used [0x00000000f5800000,0x00000000f5800000,0x00000000fe000000)
  from space 12288K, 37% used [0x00000000ff400000,0x00000000ff880000,0x0000000100000000)
  to   space 16384K, 0% used [0x00000000fe000000,0x00000000fe000000,0x00000000ff000000)
 ParOldGen       total 49152K, used 45526K [0x00000000e0800000, 0x00000000e3800000, 0x00000000f5800000)
  object space 49152K, 92% used [0x00000000e0800000,0x00000000e34759e8,0x00000000e3800000)
 Metaspace       used 20196K, capacity 22075K, committed 24320K, reserved 1067008K
  class space    used 4343K, capacity 5097K, committed 5888K, reserved 1048576K
Event: 1238.674 GC heap after
Heap after GC invocations=17 (full 3):
 PSYoungGen      total 151552K, used 0K [0x00000000f5800000, 0x0000000100000000, 0x0000000100000000)
  eden space 139264K, 0% used [0x00000000f5800000,0x00000000f5800000,0x00000000fe000000)
  from space 12288K, 0% used [0x00000000ff400000,0x00000000ff400000,0x0000000100000000)
  to   space 16384K, 0% used [0x00000000fe000000,0x00000000fe000000,0x00000000ff000000)
 ParOldGen       total 78848K, used 46675K [0x00000000e0800000, 0x00000000e5500000, 0x00000000f5800000)
  object space 78848K, 59% used [0x00000000e0800000,0x00000000e3594d28,0x00000000e5500000)
 Metaspace       used 20196K, capacity 22075K, committed 24320K, reserved 1067008K
  class space    used 4343K, capacity 5097K, committed 5888K, reserved 1048576K
}
Event: 1239.841 GC heap before
{Heap before GC invocations=18 (full 3):
 PSYoungGen      total 151552K, used 139264K [0x00000000f5800000, 0x0000000100000000, 0x0000000100000000)
  eden space 139264K, 100% used [0x00000000f5800000,0x00000000fe000000,0x00000000fe000000)
  from space 12288K, 0% used [0x00000000ff400000,0x00000000ff400000,0x0000000100000000)
  to   space 16384K, 0% used [0x00000000fe000000,0x00000000fe000000,0x00000000ff000000)
 ParOldGen       total 78848K, used 46675K [0x00000000e0800000, 0x00000000e5500000, 0x00000000f5800000)
  object space 78848K, 59% used [0x00000000e0800000,0x00000000e3594d28,0x00000000e5500000)
 Metaspace       used 20196K, capacity 22075K, committed 24320K, reserved 1067008K
  class space    used 4343K, capacity 5097K, committed 5888K, reserved 1048576K
Event: 1239.859 GC heap after
Heap after GC invocations=18 (full 3):
 PSYoungGen      total 155648K, used 5344K [0x00000000f5800000, 0x0000000100000000, 0x0000000100000000)
  eden space 139264K, 0% used [0x00000000f5800000,0x00000000f5800000,0x00000000fe000000)
  from space 16384K, 32% used [0x00000000fe000000,0x00000000fe538000,0x00000000ff000000)
  to   space 15360K, 0% used [0x00000000ff100000,0x00000000ff100000,0x0000000100000000)
 ParOldGen       total 78848K, used 46683K [0x00000000e0800000, 0x00000000e5500000, 0x00000000f5800000)
  object space 78848K, 59% used [0x00000000e0800000,0x00000000e3596d28,0x00000000e5500000)
 Metaspace       used 20196K, capacity 22075K, committed 24320K, reserved 1067008K
  class space    used 4343K, capacity 5097K, committed 5888K, reserved 1048576K
}
Event: 1240.771 GC heap before
{Heap before GC invocations=19 (full 3):
 PSYoungGen      total 155648K, used 144608K [0x00000000f5800000, 0x0000000100000000, 0x0000000100000000)
  eden space 139264K, 100% used [0x00000000f5800000,0x00000000fe000000,0x00000000fe000000)
  from space 16384K, 32% used [0x00000000fe000000,0x00000000fe538000,0x00000000ff000000)
  to   space 15360K, 0% used [0x00000000ff100000,0x00000000ff100000,0x0000000100000000)
 ParOldGen       total 78848K, used 46683K [0x00000000e0800000, 0x00000000e5500000, 0x00000000f5800000)
  object space 78848K, 59% used [0x00000000e0800000,0x00000000e3596d28,0x00000000e5500000)
 Metaspace       used 20196K, capacity 22075K, committed 24320K, reserved 1067008K
  class space    used 4343K, capacity 5097K, committed 5888K, reserved 1048576K
Event: 1240.818 GC heap after
Heap after GC invocations=19 (full 3):
 PSYoungGen      total 154624K, used 3616K [0x00000000f5800000, 0x00000000fff00000, 0x0000000100000000)
  eden space 140288K, 0% used [0x00000000f5800000,0x00000000f5800000,0x00000000fe100000)
  from space 14336K, 25% used [0x00000000ff100000,0x00000000ff488000,0x00000000fff00000)
  to   space 15360K, 0% used [0x00000000fe100000,0x00000000fe100000,0x00000000ff000000)
 ParOldGen       total 78848K, used 72891K [0x00000000e0800000, 0x00000000e5500000, 0x00000000f5800000)
  object space 78848K, 92% used [0x00000000e0800000,0x00000000e4f2ed38,0x00000000e5500000)
 Metaspace       used 20196K, capacity 22075K, committed 24320K, reserved 1067008K
  class space    used 4343K, capacity 5097K, committed 5888K, reserved 1048576K
}
Event: 1240.818 GC heap before
{Heap before GC invocations=20 (full 4):
 PSYoungGen      total 154624K, used 3616K [0x00000000f5800000, 0x00000000fff00000, 0x0000000100000000)
  eden space 140288K, 0% used [0x00000000f5800000,0x00000000f5800000,0x00000000fe100000)
  from space 14336K, 25% used [0x00000000ff100000,0x00000000ff488000,0x00000000fff00000)
  to   space 15360K, 0% used [0x00000000fe100000,0x00000000fe100000,0x00000000ff000000)
 ParOldGen       total 78848K, used 72891K [0x00000000e0800000, 0x00000000e5500000, 0x00000000f5800000)
  object space 78848K, 92% used [0x00000000e0800000,0x00000000e4f2ed38,0x00000000e5500000)
 Metaspace       used 20196K, capacity 22075K, committed 24320K, reserved 1067008K
  class space    used 4343K, capacity 5097K, committed 5888K, reserved 1048576K

Deoptimization events (0 events):
No events

Internal exceptions (10 events):
Event: 2.134 Thread 0x00007fead800a800 Exception <a 'java/lang/ArrayIndexOutOfBoundsException'> (0x00000000f58ec828) thrown at [/HUDSON/workspace/8-2-build-linux-amd64/jdk8u91/6644/hotspot/src/share/vm/runtime/sharedRuntime.cpp, line 605]
Event: 2.141 Thread 0x00007fead800a800 Exception <a 'java/lang/ArrayIndexOutOfBoundsException'> (0x00000000f5914ac0) thrown at [/HUDSON/workspace/8-2-build-linux-amd64/jdk8u91/6644/hotspot/src/share/vm/runtime/sharedRuntime.cpp, line 605]
Event: 2.141 Thread 0x00007fead800a800 Exception <a 'java/lang/ArrayIndexOutOfBoundsException'> (0x00000000f59162e0) thrown at [/HUDSON/workspace/8-2-build-linux-amd64/jdk8u91/6644/hotspot/src/share/vm/runtime/sharedRuntime.cpp, line 605]
Event: 2.142 Thread 0x00007fead800a800 Exception <a 'java/lang/ArrayIndexOutOfBoundsException'> (0x00000000f5917f00) thrown at [/HUDSON/workspace/8-2-build-linux-amd64/jdk8u91/6644/hotspot/src/share/vm/runtime/sharedRuntime.cpp, line 605]
Event: 2.148 Thread 0x00007fead800a800 Exception <a 'java/lang/ArrayIndexOutOfBoundsException'> (0x00000000f593dbf8) thrown at [/HUDSON/workspace/8-2-build-linux-amd64/jdk8u91/6644/hotspot/src/share/vm/runtime/sharedRuntime.cpp, line 605]
Event: 2.154 Thread 0x00007fead800a800 Exception <a 'java/lang/ArrayIndexOutOfBoundsException'> (0x00000000f594d8f8) thrown at [/HUDSON/workspace/8-2-build-linux-amd64/jdk8u91/6644/hotspot/src/share/vm/runtime/sharedRuntime.cpp, line 605]
Event: 3.917 Thread 0x00007fead8ab1800 Exception <a 'java/io/FileNotFoundException'> (0x00000000fbca32c8) thrown at [/HUDSON/workspace/8-2-build-linux-amd64/jdk8u91/6644/hotspot/src/share/vm/prims/jni.cpp, line 709]
Event: 4.751 Thread 0x00007fead8abd000 Exception <a 'java/net/SocketException': Socket closed> (0x00000000f607a638) thrown at [/HUDSON/workspace/8-2-build-linux-amd64/jdk8u91/6644/hotspot/src/share/vm/prims/jni.cpp, line 735]
Event: 791.663 Thread 0x00007fea90004800 Exception <a 'java/lang/ClassCastException'> (0x00000000f8a0f7d8) thrown at [/HUDSON/workspace/8-2-build-linux-amd64/jdk8u91/6644/hotspot/src/share/vm/runtime/sharedRuntime.cpp, line 605]
Event: 877.975 Thread 0x00007fea8404e000 Exception <a 'java/lang/ClassCastException'> (0x00000000f922e8d8) thrown at [/HUDSON/workspace/8-2-build-linux-amd64/jdk8u91/6644/hotspot/src/share/vm/runtime/sharedRuntime.cpp, line 605]

Events (10 events):
Event: 1237.362 Executing VM operation: RevokeBias done
Event: 1237.362 Executing VM operation: RevokeBias
Event: 1237.362 Executing VM operation: RevokeBias done
Event: 1237.362 Executing VM operation: BulkRevokeBias
Event: 1237.362 Executing VM operation: BulkRevokeBias done
Event: 1238.471 Executing VM operation: ParallelGCFailedAllocation
Event: 1238.674 Executing VM operation: ParallelGCFailedAllocation done
Event: 1239.841 Executing VM operation: ParallelGCFailedAllocation
Event: 1239.859 Executing VM operation: ParallelGCFailedAllocation done
Event: 1240.770 Executing VM operation: ParallelGCFailedAllocation


Dynamic libraries:
00400000-00401000 r-xp 00000000 fe:01 272467                             /usr/lib/jvm/java-8-oracle/jre/bin/java
00600000-00601000 rw-p 00000000 fe:01 272467                             /usr/lib/jvm/java-8-oracle/jre/bin/java
008eb000-0090c000 rw-p 00000000 00:00 0                                  [heap]
e0800000-e5500000 rw-p 00000000 00:00 0 
e7580000-f5800000 ---p 00000000 00:00 0 
f5800000-fff00000 rw-p 00000000 00:00 0 
fff00000-100000000 ---p 00000000 00:00 0 
100000000-1005c0000 rw-p 00000000 00:00 0 
1005c0000-140000000 ---p 00000000 00:00 0 
7fea84000000-7fea84075000 rw-p 00000000 00:00 0 
7fea84075000-7fea88000000 ---p 00000000 00:00 0 
7fea8c000000-7fea8c037000 rw-p 00000000 00:00 0 
7fea8c037000-7fea90000000 ---p 00000000 00:00 0 
7fea90000000-7fea90021000 rw-p 00000000 00:00 0 
7fea90021000-7fea94000000 ---p 00000000 00:00 0 
7fea96ff2000-7fea96ff5000 ---p 00000000 00:00 0 
7fea96ff5000-7fea970f3000 rw-p 00000000 00:00 0                          [stack:4040]
7fea970f3000-7fea970f6000 ---p 00000000 00:00 0 
7fea970f6000-7fea971f4000 rw-p 00000000 00:00 0                          [stack:4039]
7fea971f4000-7fea971f7000 ---p 00000000 00:00 0 
7fea971f7000-7fea972f5000 rw-p 00000000 00:00 0                          [stack:3940]
7fea972f5000-7fea972f8000 ---p 00000000 00:00 0 
7fea972f8000-7fea973f6000 rw-p 00000000 00:00 0                          [stack:3939]
7fea973f6000-7fea973f9000 ---p 00000000 00:00 0 
7fea973f9000-7fea974f7000 rw-p 00000000 00:00 0                          [stack:3880]
7fea974f7000-7fea974fa000 ---p 00000000 00:00 0 
7fea974fa000-7fea975f8000 rw-p 00000000 00:00 0                          [stack:3879]
7fea975f8000-7fea975fb000 ---p 00000000 00:00 0 
7fea975fb000-7fea976f9000 rw-p 00000000 00:00 0                          [stack:3711]
7fea976f9000-7fea976fc000 ---p 00000000 00:00 0 
7fea976fc000-7fea977fa000 rw-p 00000000 00:00 0                          [stack:4036]
7fea977fa000-7fea977fd000 ---p 00000000 00:00 0 
7fea977fd000-7fea978fb000 rw-p 00000000 00:00 0                          [stack:3454]
7fea978fb000-7fea978fe000 ---p 00000000 00:00 0 
7fea978fe000-7fea979fc000 rw-p 00000000 00:00 0 
7fea979fc000-7fea979ff000 ---p 00000000 00:00 0 
7fea979ff000-7fea97afd000 rw-p 00000000 00:00 0                          [stack:3452]
7fea97afd000-7fea97b00000 ---p 00000000 00:00 0 
7fea97b00000-7fea97bfe000 rw-p 00000000 00:00 0                          [stack:4035]
7fea97bfe000-7fea97c01000 ---p 00000000 00:00 0 
7fea97c01000-7fea97cff000 rw-p 00000000 00:00 0                          [stack:3710]
7fea97cff000-7fea97d02000 ---p 00000000 00:00 0 
7fea97d02000-7fea98000000 rw-p 00000000 00:00 0                          [stack:4132]
7fea98000000-7fea9829d000 rw-p 00000000 00:00 0 
7fea9829d000-7fea9c000000 ---p 00000000 00:00 0 
7fea9c000000-7fea9c02a000 rw-p 00000000 00:00 0 
7fea9c02a000-7feaa0000000 ---p 00000000 00:00 0 
7feaa0000000-7feaa03d1000 rw-p 00000000 00:00 0 
7feaa03d1000-7feaa4000000 ---p 00000000 00:00 0 
7feaa4000000-7feaa4021000 rw-p 00000000 00:00 0 
7feaa4021000-7feaa8000000 ---p 00000000 00:00 0 
7feaa8000000-7feaa8021000 rw-p 00000000 00:00 0 
7feaa8021000-7feaac000000 ---p 00000000 00:00 0 
7feaac000000-7feaac056000 rw-p 00000000 00:00 0 
7feaac056000-7feab0000000 ---p 00000000 00:00 0 
7feab0000000-7feab0021000 rw-p 00000000 00:00 0 
7feab0021000-7feab4000000 ---p 00000000 00:00 0 
7feab4000000-7feab4021000 rw-p 00000000 00:00 0 
7feab4021000-7feab8000000 ---p 00000000 00:00 0 
7feab8000000-7feab8033000 rw-p 00000000 00:00 0 
7feab8033000-7feabc000000 ---p 00000000 00:00 0 
7feabc000000-7feabc29e000 rw-p 00000000 00:00 0 
7feabc29e000-7feac0000000 ---p 00000000 00:00 0 
7feac0000000-7feac0021000 rw-p 00000000 00:00 0 
7feac0021000-7feac4000000 ---p 00000000 00:00 0 
7feac407d000-7feac4080000 ---p 00000000 00:00 0 
7feac4080000-7feac437e000 rw-p 00000000 00:00 0 
7feac437e000-7feac4381000 ---p 00000000 00:00 0 
7feac4381000-7feac467f000 rw-p 00000000 00:00 0                          [stack:3443]
7feac467f000-7feac4682000 ---p 00000000 00:00 0 
7feac4682000-7feac4780000 rw-p 00000000 00:00 0                          [stack:3442]
7feac4780000-7feac4791000 r-xp 00000000 fe:01 272665                     /usr/lib/jvm/java-8-oracle/jre/lib/amd64/libnio.so
7feac4791000-7feac4990000 ---p 00011000 fe:01 272665                     /usr/lib/jvm/java-8-oracle/jre/lib/amd64/libnio.so
7feac4990000-7feac4991000 rw-p 00010000 fe:01 272665                     /usr/lib/jvm/java-8-oracle/jre/lib/amd64/libnio.so
7feac4991000-7feac499b000 r--s 00116000 fe:01 402434                     /usr/lib/jvm/java-8-oracle/jre/lib/ext/localedata.jar
7feac499b000-7feac49b7000 r--s 00393000 fe:01 402427                     /usr/lib/jvm/java-8-oracle/jre/lib/ext/cldrdata.jar
7feac49b7000-7feac4bb7000 rw-p 00000000 00:00 0 
7feac4bb7000-7feac4bc0000 r-xp 00000000 fe:01 272670                     /usr/lib/jvm/java-8-oracle/jre/lib/amd64/libmanagement.so
7feac4bc0000-7feac4dbf000 ---p 00009000 fe:01 272670                     /usr/lib/jvm/java-8-oracle/jre/lib/amd64/libmanagement.so
7feac4dbf000-7feac4dc0000 rw-p 00008000 fe:01 272670                     /usr/lib/jvm/java-8-oracle/jre/lib/amd64/libmanagement.so
7feac4dc0000-7feac4dd6000 r-xp 00000000 fe:01 272662                     /usr/lib/jvm/java-8-oracle/jre/lib/amd64/libnet.so
7feac4dd6000-7feac4fd6000 ---p 00016000 fe:01 272662                     /usr/lib/jvm/java-8-oracle/jre/lib/amd64/libnet.so
7feac4fd6000-7feac4fd7000 rw-p 00016000 fe:01 272662                     /usr/lib/jvm/java-8-oracle/jre/lib/amd64/libnet.so
7feac4fd7000-7feac51d7000 rw-p 00000000 00:00 0 
7feac51d7000-7feac5202000 r--s 001fc000 fe:01 418715                     /home/vs/.m2/repository/com/google/guava/guava/18.0/guava-18.0.jar
7feac5202000-7feac5245000 r--s 00332000 fe:01 288382                     /home/vs/.m2/repository/org/clojure/clojure/1.8.0/clojure-1.8.0.jar
7feac5245000-7feac5246000 ---p 00000000 00:00 0 
7feac5246000-7feac5346000 rw-p 00000000 00:00 0                          [stack:3441]
7feac5346000-7feac5349000 ---p 00000000 00:00 0 
7feac5349000-7feac5447000 rw-p 00000000 00:00 0                          [stack:3440]
7feac5447000-7feac544a000 ---p 00000000 00:00 0 
7feac544a000-7feac5548000 rw-p 00000000 00:00 0                          [stack:3439]
7feac5548000-7feac554b000 ---p 00000000 00:00 0 
7feac554b000-7feac5649000 rw-p 00000000 00:00 0                          [stack:3438]
7feac5649000-7feac564c000 ---p 00000000 00:00 0 
7feac564c000-7feac574a000 rw-p 00000000 00:00 0                          [stack:3437]
7feac574a000-7feac58d3000 r--p 00000000 fe:01 5762                       /usr/lib/locale/locale-archive
7feac58d3000-7feac58d6000 ---p 00000000 00:00 0 
7feac58d6000-7feac59d4000 rw-p 00000000 00:00 0                          [stack:3436]
7feac59d4000-7feac59d7000 ---p 00000000 00:00 0 
7feac59d7000-7feac5ad5000 rw-p 00000000 00:00 0                          [stack:3435]
7feac5ad5000-7feac5ad6000 ---p 00000000 00:00 0 
7feac5ad6000-7feac6591000 rw-p 00000000 00:00 0                          [stack:3434]
7feac6591000-7feac676a000 r--s 03d1f000 fe:01 272573                     /usr/lib/jvm/java-8-oracle/jre/lib/rt.jar
7feac676a000-7feac80f7000 rw-p 00000000 00:00 0 
7feac80f7000-7feac80f8000 ---p 00000000 00:00 0 
7feac80f8000-7feac81f8000 rw-p 00000000 00:00 0                          [stack:3433]
7feac81f8000-7feac81f9000 ---p 00000000 00:00 0 
7feac81f9000-7feac8320000 rw-p 00000000 00:00 0                          [stack:3431]
7feac8320000-7feac83a1000 ---p 00000000 00:00 0 
7feac83a1000-7feac83f5000 rw-p 00000000 00:00 0 
7feac83f5000-7feac8411000 rw-p 00000000 00:00 0 
7feac8411000-7feac87b6000 ---p 00000000 00:00 0 
7feac87b6000-7feac8e56000 rwxp 00000000 00:00 0 
7feac8e56000-7fead77b6000 ---p 00000000 00:00 0 
7fead77b6000-7fead77d0000 r-xp 00000000 fe:01 272658                     /usr/lib/jvm/java-8-oracle/jre/lib/amd64/libzip.so
7fead77d0000-7fead79d0000 ---p 0001a000 fe:01 272658                     /usr/lib/jvm/java-8-oracle/jre/lib/amd64/libzip.so
7fead79d0000-7fead79d1000 rw-p 0001a000 fe:01 272658                     /usr/lib/jvm/java-8-oracle/jre/lib/amd64/libzip.so
7fead79d1000-7fead79dc000 r-xp 00000000 fe:01 46922                      /lib/x86_64-linux-gnu/libnss_files-2.19.so
7fead79dc000-7fead7bdb000 ---p 0000b000 fe:01 46922                      /lib/x86_64-linux-gnu/libnss_files-2.19.so
7fead7bdb000-7fead7bdc000 r--p 0000a000 fe:01 46922                      /lib/x86_64-linux-gnu/libnss_files-2.19.so
7fead7bdc000-7fead7bdd000 rw-p 0000b000 fe:01 46922                      /lib/x86_64-linux-gnu/libnss_files-2.19.so
7fead7bdd000-7fead7be7000 r-xp 00000000 fe:01 46924                      /lib/x86_64-linux-gnu/libnss_nis-2.19.so
7fead7be7000-7fead7de6000 ---p 0000a000 fe:01 46924                      /lib/x86_64-linux-gnu/libnss_nis-2.19.so
7fead7de6000-7fead7de7000 r--p 00009000 fe:01 46924                      /lib/x86_64-linux-gnu/libnss_nis-2.19.so
7fead7de7000-7fead7de8000 rw-p 0000a000 fe:01 46924                      /lib/x86_64-linux-gnu/libnss_nis-2.19.so
7fead7de8000-7fead7dfd000 r-xp 00000000 fe:01 46919                      /lib/x86_64-linux-gnu/libnsl-2.19.so
7fead7dfd000-7fead7ffc000 ---p 00015000 fe:01 46919                      /lib/x86_64-linux-gnu/libnsl-2.19.so
7fead7ffc000-7fead7ffd000 r--p 00014000 fe:01 46919                      /lib/x86_64-linux-gnu/libnsl-2.19.so
7fead7ffd000-7fead7ffe000 rw-p 00015000 fe:01 46919                      /lib/x86_64-linux-gnu/libnsl-2.19.so
7fead7ffe000-7fead8000000 rw-p 00000000 00:00 0 
7fead8000000-7fead8b28000 rw-p 00000000 00:00 0 
7fead8b28000-7feadc000000 ---p 00000000 00:00 0 
7feadc005000-7feadc006000 rw-p 00000000 00:00 0 
7feadc006000-7feadc00c000 r--s 0004f000 fe:01 418713                     /home/vs/.m2/repository/org/mongodb/mongodb-driver/3.2.0/mongodb-driver-3.2.0.jar
7feadc00c000-7feadc01f000 r--s 000cc000 fe:01 418714                     /home/vs/.m2/repository/org/mongodb/mongodb-driver-core/3.2.0/mongodb-driver-core-3.2.0.jar
7feadc01f000-7feadc026000 r-xp 00000000 fe:01 46920                      /lib/x86_64-linux-gnu/libnss_compat-2.19.so
7feadc026000-7feadc225000 ---p 00007000 fe:01 46920                      /lib/x86_64-linux-gnu/libnss_compat-2.19.so
7feadc225000-7feadc226000 r--p 00006000 fe:01 46920                      /lib/x86_64-linux-gnu/libnss_compat-2.19.so
7feadc226000-7feadc227000 rw-p 00007000 fe:01 46920                      /lib/x86_64-linux-gnu/libnss_compat-2.19.so
7feadc227000-7feadc251000 r-xp 00000000 fe:01 272653                     /usr/lib/jvm/java-8-oracle/jre/lib/amd64/libjava.so
7feadc251000-7feadc451000 ---p 0002a000 fe:01 272653                     /usr/lib/jvm/java-8-oracle/jre/lib/amd64/libjava.so
7feadc451000-7feadc453000 rw-p 0002a000 fe:01 272653                     /usr/lib/jvm/java-8-oracle/jre/lib/amd64/libjava.so
7feadc453000-7feadc460000 r-xp 00000000 fe:01 272657                     /usr/lib/jvm/java-8-oracle/jre/lib/amd64/libverify.so
7feadc460000-7feadc660000 ---p 0000d000 fe:01 272657                     /usr/lib/jvm/java-8-oracle/jre/lib/amd64/libverify.so
7feadc660000-7feadc662000 rw-p 0000d000 fe:01 272657                     /usr/lib/jvm/java-8-oracle/jre/lib/amd64/libverify.so
7feadc662000-7feadc669000 r-xp 00000000 fe:01 46928                      /lib/x86_64-linux-gnu/librt-2.19.so
7feadc669000-7feadc868000 ---p 00007000 fe:01 46928                      /lib/x86_64-linux-gnu/librt-2.19.so
7feadc868000-7feadc869000 r--p 00006000 fe:01 46928                      /lib/x86_64-linux-gnu/librt-2.19.so
7feadc869000-7feadc86a000 rw-p 00007000 fe:01 46928                      /lib/x86_64-linux-gnu/librt-2.19.so
7feadc86a000-7feadc96a000 r-xp 00000000 fe:01 46917                      /lib/x86_64-linux-gnu/libm-2.19.so
7feadc96a000-7feadcb69000 ---p 00100000 fe:01 46917                      /lib/x86_64-linux-gnu/libm-2.19.so
7feadcb69000-7feadcb6a000 r--p 000ff000 fe:01 46917                      /lib/x86_64-linux-gnu/libm-2.19.so
7feadcb6a000-7feadcb6b000 rw-p 00100000 fe:01 46917                      /lib/x86_64-linux-gnu/libm-2.19.so
7feadcb6b000-7feadd82b000 r-xp 00000000 fe:01 272636                     /usr/lib/jvm/java-8-oracle/jre/lib/amd64/server/libjvm.so
7feadd82b000-7feadda2b000 ---p 00cc0000 fe:01 272636                     /usr/lib/jvm/java-8-oracle/jre/lib/amd64/server/libjvm.so
7feadda2b000-7feaddb03000 rw-p 00cc0000 fe:01 272636                     /usr/lib/jvm/java-8-oracle/jre/lib/amd64/server/libjvm.so
7feaddb03000-7feaddb4e000 rw-p 00000000 00:00 0 
7feaddb4e000-7feaddcf0000 r-xp 00000000 fe:01 46913                      /lib/x86_64-linux-gnu/libc-2.19.so
7feaddcf0000-7feaddeef000 ---p 001a2000 fe:01 46913                      /lib/x86_64-linux-gnu/libc-2.19.so
7feaddeef000-7feaddef3000 r--p 001a1000 fe:01 46913                      /lib/x86_64-linux-gnu/libc-2.19.so
7feaddef3000-7feaddef5000 rw-p 001a5000 fe:01 46913                      /lib/x86_64-linux-gnu/libc-2.19.so
7feaddef5000-7feaddef9000 rw-p 00000000 00:00 0 
7feaddef9000-7feaddefc000 r-xp 00000000 fe:01 46916                      /lib/x86_64-linux-gnu/libdl-2.19.so
7feaddefc000-7feade0fb000 ---p 00003000 fe:01 46916                      /lib/x86_64-linux-gnu/libdl-2.19.so
7feade0fb000-7feade0fc000 r--p 00002000 fe:01 46916                      /lib/x86_64-linux-gnu/libdl-2.19.so
7feade0fc000-7feade0fd000 rw-p 00003000 fe:01 46916                      /lib/x86_64-linux-gnu/libdl-2.19.so
7feade0fd000-7feade112000 r-xp 00000000 fe:01 272631                     /usr/lib/jvm/java-8-oracle/jre/lib/amd64/jli/libjli.so
7feade112000-7feade312000 ---p 00015000 fe:01 272631                     /usr/lib/jvm/java-8-oracle/jre/lib/amd64/jli/libjli.so
7feade312000-7feade313000 rw-p 00015000 fe:01 272631                     /usr/lib/jvm/java-8-oracle/jre/lib/amd64/jli/libjli.so
7feade313000-7feade32b000 r-xp 00000000 fe:01 46909                      /lib/x86_64-linux-gnu/libpthread-2.19.so
7feade32b000-7feade52a000 ---p 00018000 fe:01 46909                      /lib/x86_64-linux-gnu/libpthread-2.19.so
7feade52a000-7feade52b000 r--p 00017000 fe:01 46909                      /lib/x86_64-linux-gnu/libpthread-2.19.so
7feade52b000-7feade52c000 rw-p 00018000 fe:01 46909                      /lib/x86_64-linux-gnu/libpthread-2.19.so
7feade52c000-7feade530000 rw-p 00000000 00:00 0 
7feade530000-7feade550000 r-xp 00000000 fe:01 46910                      /lib/x86_64-linux-gnu/ld-2.19.so
7feade550000-7feade554000 r--s 00097000 fe:01 272606                     /usr/lib/jvm/java-8-oracle/jre/lib/jsse.jar
7feade554000-7feade555000 r--s 0000a000 fe:01 418722                     /home/vs/.m2/repository/com/novemberain/monger/3.0.2/monger-3.0.2.jar
7feade555000-7feade55a000 r--s 00033000 fe:01 418712                     /home/vs/.m2/repository/org/mongodb/bson/3.2.0/bson-3.2.0.jar
7feade55a000-7feade55b000 r--s 00002000 fe:01 288384                     /home/vs/.m2/repository/clojure-complete/clojure-complete/0.2.4/clojure-complete-0.2.4.jar
7feade55b000-7feade561000 r--s 00031000 fe:01 403297                     /home/vs/.m2/repository/org/yaml/snakeyaml/1.5/snakeyaml-1.5.jar
7feade561000-7feade5ba000 rw-p 00000000 00:00 0 
7feade5ba000-7feade63b000 ---p 00000000 00:00 0 
7feade63b000-7feade643000 rw-s 00000000 fe:01 270902                     /tmp/hsperfdata_vs/3426
7feade643000-7feade646000 ---p 00000000 00:00 0 
7feade646000-7feade748000 rw-p 00000000 00:00 0                          [stack:3429]
7feade748000-7feade749000 r--s 00009000 fe:01 288380                     /home/vs/.m2/repository/org/clojure/tools.nrepl/0.2.12/tools.nrepl-0.2.12.jar
7feade749000-7feade74a000 r--s 00000000 fe:01 270900                     /home/vs/.m2/repository/clj-yaml/clj-yaml/0.4.0/clj-yaml-0.4.0.jar
7feade74a000-7feade74c000 r--s 00002000 fe:01 418720                     /home/vs/.m2/repository/clojurewerkz/support/1.1.0/support-1.1.0.jar
7feade74c000-7feade74d000 rw-p 00000000 00:00 0 
7feade74d000-7feade74e000 ---p 00000000 00:00 0 
7feade74e000-7feade750000 rw-p 00000000 00:00 0 
7feade750000-7feade751000 r--p 00020000 fe:01 46910                      /lib/x86_64-linux-gnu/ld-2.19.so
7feade751000-7feade752000 rw-p 00021000 fe:01 46910                      /lib/x86_64-linux-gnu/ld-2.19.so
7feade752000-7feade753000 rw-p 00000000 00:00 0 
7fff8812e000-7fff8814f000 rw-p 00000000 00:00 0                          [stack]
7fff8815f000-7fff88161000 r-xp 00000000 00:00 0                          [vdso]
7fff88161000-7fff88163000 r--p 00000000 00:00 0                          [vvar]
ffffffffff600000-ffffffffff601000 r-xp 00000000 00:00 0                  [vsyscall]

VM Arguments:
jvm_args: -Dfile.encoding=UTF-8 -XX:+TieredCompilation -XX:TieredStopAtLevel=1 -XX:-OmitStackTraceInFastThrow -Dclojure.compile.path=/home/vs/src/motodata-clj/target/classes -Dmotodata-clj.version=0.1.0-SNAPSHOT -Dclojure.debug=false 
java_command: clojure.main -i /tmp/form-init3476017068100587749.clj
java_class_path (initial): /home/vs/src/motodata-clj/test:/home/vs/src/motodata-clj/src:/home/vs/src/motodata-clj/dev-resources:/home/vs/src/motodata-clj/resources:/home/vs/src/motodata-clj/target/classes:/home/vs/.m2/repository/org/clojure/clojure/1.8.0/clojure-1.8.0.jar:/home/vs/.m2/repository/com/google/guava/guava/18.0/guava-18.0.jar:/home/vs/.m2/repository/org/yaml/snakeyaml/1.5/snakeyaml-1.5.jar:/home/vs/.m2/repository/clojurewerkz/support/1.1.0/support-1.1.0.jar:/home/vs/.m2/repository/clj-yaml/clj-yaml/0.4.0/clj-yaml-0.4.0.jar:/home/vs/.m2/repository/org/mongodb/mongodb-driver-core/3.2.0/mongodb-driver-core-3.2.0.jar:/home/vs/.m2/repository/org/clojure/tools.nrepl/0.2.12/tools.nrepl-0.2.12.jar:/home/vs/.m2/repository/clojure-complete/clojure-complete/0.2.4/clojure-complete-0.2.4.jar:/home/vs/.m2/repository/org/mongodb/bson/3.2.0/bson-3.2.0.jar:/home/vs/.m2/repository/org/mongodb/mongodb-driver/3.2.0/mongodb-driver-3.2.0.jar:/home/vs/.m2/repository/com/novemberain/monger/3.0.2/monger-3.0.2.jar
Launcher Type: SUN_STANDARD

Environment Variables:
CLASSPATH=/home/vs/.lein/self-installs/leiningen-2.6.1-standalone.jar
PATH=/home/vs/bin:/usr/local/bin:/usr/bin:/bin:/usr/local/games:/usr/games
SHELL=/bin/bash

Signal Handlers:
SIGSEGV: [libjvm.so+0xabca10], sa_mask[0]=11111111011111111101111111111110, sa_flags=SA_RESTART|SA_SIGINFO
SIGBUS: [libjvm.so+0xabca10], sa_mask[0]=11111111011111111101111111111110, sa_flags=SA_RESTART|SA_SIGINFO
SIGFPE: [libjvm.so+0x919a20], sa_mask[0]=11111111011111111101111111111110, sa_flags=SA_RESTART|SA_SIGINFO
SIGPIPE: [libjvm.so+0x919a20], sa_mask[0]=11111111011111111101111111111110, sa_flags=SA_RESTART|SA_SIGINFO
SIGXFSZ: [libjvm.so+0x919a20], sa_mask[0]=11111111011111111101111111111110, sa_flags=SA_RESTART|SA_SIGINFO
SIGILL: [libjvm.so+0x919a20], sa_mask[0]=11111111011111111101111111111110, sa_flags=SA_RESTART|SA_SIGINFO
SIGUSR1: SIG_DFL, sa_mask[0]=00000000000000000000000000000000, sa_flags=none
SIGUSR2: [libjvm.so+0x91b050], sa_mask[0]=00100000000000000000000000000000, sa_flags=SA_RESTART|SA_SIGINFO
SIGHUP: [libjvm.so+0x91c450], sa_mask[0]=11111111011111111101111111111110, sa_flags=SA_RESTART|SA_SIGINFO
SIGINT: [libjvm.so+0x91c450], sa_mask[0]=11111111011111111101111111111110, sa_flags=SA_RESTART|SA_SIGINFO
SIGTERM: [libjvm.so+0x91c450], sa_mask[0]=11111111011111111101111111111110, sa_flags=SA_RESTART|SA_SIGINFO
SIGQUIT: [libjvm.so+0x91c450], sa_mask[0]=11111111011111111101111111111110, sa_flags=SA_RESTART|SA_SIGINFO


---------------  S Y S T E M  ---------------

OS:PRETTY_NAME="Debian GNU/Linux 8 (jessie)"
NAME="Debian GNU/Linux"
VERSION_ID="8"
VERSION="8 (jessie)"
ID=debian
HOME_URL="http://www.debian.org/"
SUPPORT_URL="http://www.debian.org/support"
BUG_REPORT_URL="https://bugs.debian.org/"

uname:Linux 3.16.0-4-amd64 #1 SMP Debian 3.16.7-ckt11-1+deb8u6 (2015-11-09) x86_64
libc:glibc 2.19 NPTL 2.19 
rlimit: STACK 8192k, CORE 0k, NPROC 7972, NOFILE 65536, AS infinity
load average:0.10 0.05 0.05

/proc/meminfo:
MemTotal:        2058600 kB
MemFree:           67616 kB
MemAvailable:      31692 kB
Buffers:             696 kB
Cached:            71156 kB
SwapCached:            0 kB
Active:          1840652 kB
Inactive:          63780 kB
Active(anon):    1835492 kB
Inactive(anon):    53264 kB
Active(file):       5160 kB
Inactive(file):    10516 kB
Unevictable:           0 kB
Mlocked:               0 kB
SwapTotal:             0 kB
SwapFree:              0 kB
Dirty:               176 kB
Writeback:             0 kB
AnonPages:       1832600 kB
Mapped:            24996 kB
Shmem:             56184 kB
Slab:              46840 kB
SReclaimable:      25096 kB
SUnreclaim:        21744 kB
KernelStack:        6144 kB
PageTables:        14324 kB
NFS_Unstable:          0 kB
Bounce:                0 kB
WritebackTmp:          0 kB
CommitLimit:     1029300 kB
Committed_AS:    3469760 kB
VmallocTotal:   34359738367 kB
VmallocUsed:        6224 kB
VmallocChunk:   34359718676 kB
HardwareCorrupted:     0 kB
AnonHugePages:         0 kB
HugePages_Total:       0
HugePages_Free:        0
HugePages_Rsvd:        0
HugePages_Surp:        0
Hugepagesize:       2048 kB
DirectMap4k:       51192 kB
DirectMap2M:     2045952 kB
DirectMap1G:           0 kB


CPU:total 2 (1 cores per cpu, 1 threads per core) family 6 model 44 stepping 2, cmov, cx8, fxsr, mmx, sse, sse2, sse3, ssse3, sse4.1, sse4.2, popcnt, aes, clmul, tsc

/proc/cpuinfo:
processor	: 0
vendor_id	: GenuineIntel
cpu family	: 6
model		: 44
model name	: Intel(R) Xeon(R) CPU           E5620  @ 2.40GHz
stepping	: 2
microcode	: 0x1
cpu MHz		: 2400.084
cache size	: 4096 KB
physical id	: 0
siblings	: 1
core id		: 0
cpu cores	: 1
apicid		: 0
initial apicid	: 0
fpu		: yes
fpu_exception	: yes
cpuid level	: 11
wp		: yes
flags		: fpu vme de pse tsc msr pae mce cx8 apic sep mtrr pge mca cmov pat pse36 clflush mmx fxsr sse sse2 ss syscall nx pdpe1gb rdtscp lm constant_tsc arch_perfmon rep_good nopl pni pclmulqdq ssse3 cx16 pcid sse4_1 sse4_2 x2apic popcnt aes hypervisor lahf_lm tsc_adjust
bogomips	: 4800.16
clflush size	: 64
cache_alignment	: 64
address sizes	: 40 bits physical, 48 bits virtual
power management:

processor	: 1
vendor_id	: GenuineIntel
cpu family	: 6
model		: 44
model name	: Intel(R) Xeon(R) CPU           E5620  @ 2.40GHz
stepping	: 2
microcode	: 0x1
cpu MHz		: 2400.084
cache size	: 4096 KB
physical id	: 1
siblings	: 1
core id		: 0
cpu cores	: 1
apicid		: 1
initial apicid	: 1
fpu		: yes
fpu_exception	: yes
cpuid level	: 11
wp		: yes
flags		: fpu vme de pse tsc msr pae mce cx8 apic sep mtrr pge mca cmov pat pse36 clflush mmx fxsr sse sse2 ss syscall nx pdpe1gb rdtscp lm constant_tsc arch_perfmon rep_good nopl pni pclmulqdq ssse3 cx16 pcid sse4_1 sse4_2 x2apic popcnt aes hypervisor lahf_lm tsc_adjust
bogomips	: 4800.16
clflush size	: 64
cache_alignment	: 64
address sizes	: 40 bits physical, 48 bits virtual
power management:



Memory: 4k page, physical 2058600k(67616k free), swap 0k(0k free)

vm_info: Java HotSpot(TM) 64-Bit Server VM (25.91-b14) for linux-amd64 JRE (1.8.0_91-b14), built on Apr  1 2016 00:57:21 by "java_re" with gcc 4.3.0 20080428 (Red Hat 4.3.0-8)

time: Wed Jul 27 14:05:09 2016
elapsed time: 1241 seconds (0d 0h 20m 41s)

