#
# There is insufficient memory for the Java Runtime Environment to continue.
# Native memory allocation (mmap) failed to map 39845888 bytes for committing reserved memory.
# Possible reasons:
#   The system is out of physical RAM or swap space
#   In 32 bit mode, the process size limit was hit
# Possible solutions:
#   Reduce memory load on the system
#   Increase physical memory or swap space
#   Check if swap backing store is full
#   Use 64 bit Java on a 64 bit OS
#   Decrease Java heap size (-Xmx/-Xms)
#   Decrease number of Java threads
#   Decrease Java thread stack sizes (-Xss)
#   Set larger code cache with -XX:ReservedCodeCacheSize=
# This output file may be truncated or incomplete.
#
#  Out of Memory Error (os_linux.cpp:2627), pid=31796, tid=139672935044864
#
# JRE version: Java(TM) SE Runtime Environment (8.0_91-b14) (build 1.8.0_91-b14)
# Java VM: Java HotSpot(TM) 64-Bit Server VM (25.91-b14 mixed mode linux-amd64 compressed oops)
# Failed to write core dump. Core dumps have been disabled. To enable core dumping, try "ulimit -c unlimited" before starting Java again
#

---------------  T H R E A D  ---------------

Current thread (0x00007f0838074000):  VMThread [stack: 0x00007f08239d9000,0x00007f0823ada000] [id=31804]

Stack: [0x00007f08239d9000,0x00007f0823ada000],  sp=0x00007f0823ad80a0,  free space=1020k
Native frames: (J=compiled Java code, j=interpreted, Vv=VM code, C=native code)
V  [libjvm.so+0xabc18a]  VMError::report_and_die()+0x2ba
V  [libjvm.so+0x4fafeb]  report_vm_out_of_memory(char const*, int, unsigned long, VMErrorType, char const*)+0x8b
V  [libjvm.so+0x91cbb3]  os::Linux::commit_memory_impl(char*, unsigned long, bool)+0x103
V  [libjvm.so+0x91d109]  os::pd_commit_memory(char*, unsigned long, unsigned long, bool)+0x29
V  [libjvm.so+0x91740a]  os::commit_memory(char*, unsigned long, unsigned long, bool)+0x2a
V  [libjvm.so+0x98b033]  PSVirtualSpace::expand_by(unsigned long)+0x53
V  [libjvm.so+0x97b920]  PSOldGen::expand(unsigned long)+0x170
V  [libjvm.so+0x97bb2b]  PSOldGen::resize(unsigned long)+0x1cb
V  [libjvm.so+0x983801]  PSParallelCompact::invoke_no_policy(bool)+0x991
V  [libjvm.so+0x98915d]  PSScavenge::invoke()+0x1ad
V  [libjvm.so+0x9408b0]  ParallelScavengeHeap::failed_mem_allocate(unsigned long)+0x70
V  [libjvm.so+0xabdba7]  VM_ParallelGCFailedAllocation::doit()+0x97
V  [libjvm.so+0xac55d5]  VM_Operation::evaluate()+0x55
V  [libjvm.so+0xac39aa]  VMThread::evaluate_operation(VM_Operation*)+0xba
V  [libjvm.so+0xac3d2e]  VMThread::loop()+0x1ce
V  [libjvm.so+0xac41a0]  VMThread::run()+0x70
V  [libjvm.so+0x91ef78]  java_start(Thread*)+0x108

VM_Operation (0x00007f08219812d0): ParallelGCFailedAllocation, mode: safepoint, requested by thread 0x00007f07f8023000


---------------  P R O C E S S  ---------------

Java Threads: ( => current thread )
  0x00007f07f8023000 JavaThread "nREPL-worker-19" daemon [_thread_blocked, id=16941, stack(0x00007f0821885000,0x00007f0821986000)]
  0x00007f07f4020000 JavaThread "clojure-agent-send-off-pool-38" [_thread_blocked, id=16940, stack(0x00007f0821683000,0x00007f0821784000)]
  0x00007f07f401f000 JavaThread "clojure-agent-send-off-pool-34" [_thread_in_native, id=1055, stack(0x00007f0821a87000,0x00007f0821b88000)]
  0x00007f07f4005800 JavaThread "clojure-agent-send-off-pool-6" [_thread_in_native, id=31829, stack(0x00007f0821784000,0x00007f0821885000)]
  0x0000000000a41800 JavaThread "clojure-agent-send-off-pool-4" [_thread_blocked, id=31827, stack(0x00007f0821986000,0x00007f0821a87000)]
  0x00007f08381ee000 JavaThread "pool-1-thread-1" daemon [_thread_blocked, id=31818, stack(0x00007f082229e000,0x00007f082239f000)]
  0x00007f08381de800 JavaThread "cluster-ClusterId{value='5795f7fe0898cc7c34a8767b', description='null'}-172.17.0.5:27017" daemon [_thread_blocked, id=31817, stack(0x00007f082259f000,0x00007f08226a0000)]
  0x00007f08380bb000 JavaThread "Service Thread" daemon [_thread_blocked, id=31810, stack(0x00007f082324a000,0x00007f082334b000)]
  0x00007f08380b8000 JavaThread "C1 CompilerThread1" daemon [_thread_blocked, id=31809, stack(0x00007f082334b000,0x00007f082344c000)]
  0x00007f08380b5000 JavaThread "C2 CompilerThread0" daemon [_thread_blocked, id=31808, stack(0x00007f082344c000,0x00007f082354d000)]
  0x00007f08380b3800 JavaThread "Signal Dispatcher" daemon [_thread_blocked, id=31807, stack(0x00007f082354d000,0x00007f082364e000)]
  0x00007f0838080000 JavaThread "Finalizer" daemon [_thread_blocked, id=31806, stack(0x00007f08237d7000,0x00007f08238d8000)]
  0x00007f083807b800 JavaThread "Reference Handler" daemon [_thread_blocked, id=31805, stack(0x00007f08238d8000,0x00007f08239d9000)]
  0x00007f083800a800 JavaThread "main" [_thread_blocked, id=31801, stack(0x00007f0840561000,0x00007f0840662000)]

Other Threads:
=>0x00007f0838074000 VMThread [stack: 0x00007f08239d9000,0x00007f0823ada000] [id=31804]
  0x00007f08380bd800 WatcherThread [stack: 0x00007f0823149000,0x00007f082324a000] [id=31811]

VM state:at safepoint (normal execution)

VM Mutex/Monitor currently owned by a thread:  ([mutex/lock_event])
[0x00007f0838006390] ExpandHeap_lock - owner thread: 0x00007f0838074000
[0x00007f0838006a10] Threads_lock - owner thread: 0x00007f0838074000
[0x00007f0838006f10] Heap_lock - owner thread: 0x00007f07f8023000

Heap:
 PSYoungGen      total 151040K, used 0K [0x00000000f5800000, 0x00000000fff00000, 0x0000000100000000)
  eden space 132096K, 0% used [0x00000000f5800000,0x00000000f5800000,0x00000000fd900000)
  from space 18944K, 0% used [0x00000000fd900000,0x00000000fd900000,0x00000000feb80000)
  to   space 17920K, 0% used [0x00000000fed80000,0x00000000fed80000,0x00000000fff00000)
 ParOldGen       total 96768K, used 92509K [0x00000000e0800000, 0x00000000e6680000, 0x00000000f5800000)
  object space 96768K, 95% used [0x00000000e0800000,0x00000000e6257538,0x00000000e6680000)
 Metaspace       used 20266K, capacity 22147K, committed 24704K, reserved 1069056K
  class space    used 4376K, capacity 5121K, committed 6016K, reserved 1048576K

Card table byte_map: [0x00007f083d236000,0x00007f083d333000] byte_map_base: 0x00007f083cb32000

Marking Bits: (ParMarkBitMap*) 0x00007f083fa3fd60
 Begin Bits: [0x00007f083c074000, 0x00007f083c854000)
 End Bits:   [0x00007f083c854000, 0x00007f083d034000)

Polling page: 0x00007f084066b000

CodeCache: size=245760Kb used=7347Kb max_used=7347Kb free=238412Kb
 bounds [0x00007f0829000000, 0x00007f0829730000, 0x00007f0838000000]
 total_blobs=3735 nmethods=3347 adapters=303
 compilation: enabled

Compilation events (10 events):
Event: 7573.176 Thread 0x00007f08380b8000 3378       1       java.nio.Bits::getDoubleL (9 bytes)
Event: 7573.176 Thread 0x00007f08380b8000 nmethod 3378 0x00007f082972a250 code [0x00007f082972a3c0, 0x00007f082972a4c8]
Event: 60147.347 Thread 0x00007f08380b8000 3379 % !   1       java.util.concurrent.ThreadPoolExecutor::runWorker @ 21 (225 bytes)
Event: 60147.374 Thread 0x00007f08380b8000 nmethod 3379% 0x00007f082972a550 code [0x00007f082972a7a0, 0x00007f082972b1a8]
Event: 61171.330 Thread 0x00007f08380b8000 3380   !   1       java.util.concurrent.ThreadPoolExecutor::runWorker (225 bytes)
Event: 61171.332 Thread 0x00007f08380b8000 nmethod 3380 0x00007f082972bc50 code [0x00007f082972bea0, 0x00007f082972c598]
Event: 79181.034 Thread 0x00007f08380b8000 3381       1       motodata_clj.people_map$remap::invoke (10 bytes)
Event: 79181.034 Thread 0x00007f08380b8000 nmethod 3381 0x00007f082972ce90 code [0x00007f082972d000, 0x00007f082972d128]
Event: 79181.034 Thread 0x00007f08380b8000 3382       1       motodata_clj.people_map$remap::invokeStatic (45 bytes)
Event: 79181.035 Thread 0x00007f08380b8000 nmethod 3382 0x00007f082972d190 code [0x00007f082972d340, 0x00007f082972d8c8]

GC Heap History (10 events):
Event: 79187.706 GC heap after
Heap after GC invocations=223 (full 4):
 PSYoungGen      total 150016K, used 9310K [0x00000000f5800000, 0x0000000100000000, 0x0000000100000000)
  eden space 128000K, 0% used [0x00000000f5800000,0x00000000f5800000,0x00000000fd500000)
  from space 22016K, 42% used [0x00000000fd500000,0x00000000fde17918,0x00000000fea80000)
  to   space 20992K, 0% used [0x00000000feb80000,0x00000000feb80000,0x0000000100000000)
 ParOldGen       total 96768K, used 61666K [0x00000000e0800000, 0x00000000e6680000, 0x00000000f5800000)
  object space 96768K, 63% used [0x00000000e0800000,0x00000000e4438a50,0x00000000e6680000)
 Metaspace       used 20266K, capacity 22147K, committed 24704K, reserved 1069056K
  class space    used 4376K, capacity 5121K, committed 6016K, reserved 1048576K
}
Event: 79188.251 GC heap before
{Heap before GC invocations=224 (full 4):
 PSYoungGen      total 150016K, used 137310K [0x00000000f5800000, 0x0000000100000000, 0x0000000100000000)
  eden space 128000K, 100% used [0x00000000f5800000,0x00000000fd500000,0x00000000fd500000)
  from space 22016K, 42% used [0x00000000fd500000,0x00000000fde17918,0x00000000fea80000)
  to   space 20992K, 0% used [0x00000000feb80000,0x00000000feb80000,0x0000000100000000)
 ParOldGen       total 96768K, used 61666K [0x00000000e0800000, 0x00000000e6680000, 0x00000000f5800000)
  object space 96768K, 63% used [0x00000000e0800000,0x00000000e4438a50,0x00000000e6680000)
 Metaspace       used 20266K, capacity 22147K, committed 24704K, reserved 1069056K
  class space    used 4376K, capacity 5121K, committed 6016K, reserved 1048576K
Event: 79188.301 GC heap after
Heap after GC invocations=224 (full 4):
 PSYoungGen      total 147968K, used 4800K [0x00000000f5800000, 0x00000000ffe00000, 0x0000000100000000)
  eden space 129024K, 0% used [0x00000000f5800000,0x00000000f5800000,0x00000000fd600000)
  from space 18944K, 25% used [0x00000000feb80000,0x00000000ff030000,0x00000000ffe00000)
  to   space 20480K, 0% used [0x00000000fd600000,0x00000000fd600000,0x00000000fea00000)
 ParOldGen       total 96768K, used 71034K [0x00000000e0800000, 0x00000000e6680000, 0x00000000f5800000)
  object space 96768K, 73% used [0x00000000e0800000,0x00000000e4d5ea50,0x00000000e6680000)
 Metaspace       used 20266K, capacity 22147K, committed 24704K, reserved 1069056K
  class space    used 4376K, capacity 5121K, committed 6016K, reserved 1048576K
}
Event: 79188.792 GC heap before
{Heap before GC invocations=225 (full 4):
 PSYoungGen      total 147968K, used 133824K [0x00000000f5800000, 0x00000000ffe00000, 0x0000000100000000)
  eden space 129024K, 100% used [0x00000000f5800000,0x00000000fd600000,0x00000000fd600000)
  from space 18944K, 25% used [0x00000000feb80000,0x00000000ff030000,0x00000000ffe00000)
  to   space 20480K, 0% used [0x00000000fd600000,0x00000000fd600000,0x00000000fea00000)
 ParOldGen       total 96768K, used 71034K [0x00000000e0800000, 0x00000000e6680000, 0x00000000f5800000)
  object space 96768K, 73% used [0x00000000e0800000,0x00000000e4d5ea50,0x00000000e6680000)
 Metaspace       used 20266K, capacity 22147K, committed 24704K, reserved 1069056K
  class space    used 4376K, capacity 5121K, committed 6016K, reserved 1048576K
Event: 79188.811 GC heap after
Heap after GC invocations=225 (full 4):
 PSYoungGen      total 149504K, used 5088K [0x00000000f5800000, 0x00000000fff80000, 0x0000000100000000)
  eden space 129024K, 0% used [0x00000000f5800000,0x00000000f5800000,0x00000000fd600000)
  from space 20480K, 24% used [0x00000000fd600000,0x00000000fdaf8000,0x00000000fea00000)
  to   space 19456K, 0% used [0x00000000fec80000,0x00000000fec80000,0x00000000fff80000)
 ParOldGen       total 96768K, used 75794K [0x00000000e0800000, 0x00000000e6680000, 0x00000000f5800000)
  object space 96768K, 78% used [0x00000000e0800000,0x00000000e5204a50,0x00000000e6680000)
 Metaspace       used 20266K, capacity 22147K, committed 24704K, reserved 1069056K
  class space    used 4376K, capacity 5121K, committed 6016K, reserved 1048576K
}
Event: 79189.337 GC heap before
{Heap before GC invocations=226 (full 4):
 PSYoungGen      total 149504K, used 134112K [0x00000000f5800000, 0x00000000fff80000, 0x0000000100000000)
  eden space 129024K, 100% used [0x00000000f5800000,0x00000000fd600000,0x00000000fd600000)
  from space 20480K, 24% used [0x00000000fd600000,0x00000000fdaf8000,0x00000000fea00000)
  to   space 19456K, 0% used [0x00000000fec80000,0x00000000fec80000,0x00000000fff80000)
 ParOldGen       total 96768K, used 75794K [0x00000000e0800000, 0x00000000e6680000, 0x00000000f5800000)
  object space 96768K, 78% used [0x00000000e0800000,0x00000000e5204a50,0x00000000e6680000)
 Metaspace       used 20266K, capacity 22147K, committed 24704K, reserved 1069056K
  class space    used 4376K, capacity 5121K, committed 6016K, reserved 1048576K
Event: 79189.355 GC heap after
Heap after GC invocations=226 (full 4):
 PSYoungGen      total 150016K, used 5664K [0x00000000f5800000, 0x00000000ffe00000, 0x0000000100000000)
  eden space 132096K, 0% used [0x00000000f5800000,0x00000000f5800000,0x00000000fd900000)
  from space 17920K, 31% used [0x00000000fec80000,0x00000000ff208000,0x00000000ffe00000)
  to   space 18944K, 0% used [0x00000000fd900000,0x00000000fd900000,0x00000000feb80000)
 ParOldGen       total 96768K, used 80794K [0x00000000e0800000, 0x00000000e6680000, 0x00000000f5800000)
  object space 96768K, 83% used [0x00000000e0800000,0x00000000e56e6a50,0x00000000e6680000)
 Metaspace       used 20266K, capacity 22147K, committed 24704K, reserved 1069056K
  class space    used 4376K, capacity 5121K, committed 6016K, reserved 1048576K
}
Event: 79189.944 GC heap before
{Heap before GC invocations=227 (full 4):
 PSYoungGen      total 150016K, used 137760K [0x00000000f5800000, 0x00000000ffe00000, 0x0000000100000000)
  eden space 132096K, 100% used [0x00000000f5800000,0x00000000fd900000,0x00000000fd900000)
  from space 17920K, 31% used [0x00000000fec80000,0x00000000ff208000,0x00000000ffe00000)
  to   space 18944K, 0% used [0x00000000fd900000,0x00000000fd900000,0x00000000feb80000)
 ParOldGen       total 96768K, used 80794K [0x00000000e0800000, 0x00000000e6680000, 0x00000000f5800000)
  object space 96768K, 83% used [0x00000000e0800000,0x00000000e56e6a50,0x00000000e6680000)
 Metaspace       used 20266K, capacity 22147K, committed 24704K, reserved 1069056K
  class space    used 4376K, capacity 5121K, committed 6016K, reserved 1048576K
Event: 79189.976 GC heap after
Heap after GC invocations=227 (full 4):
 PSYoungGen      total 151040K, used 6752K [0x00000000f5800000, 0x00000000fff00000, 0x0000000100000000)
  eden space 132096K, 0% used [0x00000000f5800000,0x00000000f5800000,0x00000000fd900000)
  from space 18944K, 35% used [0x00000000fd900000,0x00000000fdf98000,0x00000000feb80000)
  to   space 17920K, 0% used [0x00000000fed80000,0x00000000fed80000,0x00000000fff00000)
 ParOldGen       total 96768K, used 86362K [0x00000000e0800000, 0x00000000e6680000, 0x00000000f5800000)
  object space 96768K, 89% used [0x00000000e0800000,0x00000000e5c56a50,0x00000000e6680000)
 Metaspace       used 20266K, capacity 22147K, committed 24704K, reserved 1069056K
  class space    used 4376K, capacity 5121K, committed 6016K, reserved 1048576K
}
Event: 79189.978 GC heap before
{Heap before GC invocations=228 (full 5):
 PSYoungGen      total 151040K, used 6752K [0x00000000f5800000, 0x00000000fff00000, 0x0000000100000000)
  eden space 132096K, 0% used [0x00000000f5800000,0x00000000f5800000,0x00000000fd900000)
  from space 18944K, 35% used [0x00000000fd900000,0x00000000fdf98000,0x00000000feb80000)
  to   space 17920K, 0% used [0x00000000fed80000,0x00000000fed80000,0x00000000fff00000)
 ParOldGen       total 96768K, used 86362K [0x00000000e0800000, 0x00000000e6680000, 0x00000000f5800000)
  object space 96768K, 89% used [0x00000000e0800000,0x00000000e5c56a50,0x00000000e6680000)
 Metaspace       used 20266K, capacity 22147K, committed 24704K, reserved 1069056K
  class space    used 4376K, capacity 5121K, committed 6016K, reserved 1048576K

Deoptimization events (0 events):
No events

Internal exceptions (10 events):
Event: 2.261 Thread 0x00007f083800a800 Exception <a 'java/lang/ArrayIndexOutOfBoundsException'> (0x00000000f79cd720) thrown at [/HUDSON/workspace/8-2-build-linux-amd64/jdk8u91/6644/hotspot/src/share/vm/runtime/sharedRuntime.cpp, line 605]
Event: 2.261 Thread 0x00007f083800a800 Exception <a 'java/lang/ArrayIndexOutOfBoundsException'> (0x00000000f79cef40) thrown at [/HUDSON/workspace/8-2-build-linux-amd64/jdk8u91/6644/hotspot/src/share/vm/runtime/sharedRuntime.cpp, line 605]
Event: 2.262 Thread 0x00007f083800a800 Exception <a 'java/lang/ArrayIndexOutOfBoundsException'> (0x00000000f79d0bf0) thrown at [/HUDSON/workspace/8-2-build-linux-amd64/jdk8u91/6644/hotspot/src/share/vm/runtime/sharedRuntime.cpp, line 605]
Event: 2.269 Thread 0x00007f083800a800 Exception <a 'java/lang/ArrayIndexOutOfBoundsException'> (0x00000000f79f6a28) thrown at [/HUDSON/workspace/8-2-build-linux-amd64/jdk8u91/6644/hotspot/src/share/vm/runtime/sharedRuntime.cpp, line 605]
Event: 2.290 Thread 0x00007f083800a800 Exception <a 'java/lang/ArrayIndexOutOfBoundsException'> (0x00000000f5806738) thrown at [/HUDSON/workspace/8-2-build-linux-amd64/jdk8u91/6644/hotspot/src/share/vm/runtime/sharedRuntime.cpp, line 605]
Event: 4.197 Thread 0x00007f08386f7800 Exception <a 'java/io/FileNotFoundException'> (0x00000000fbcf4b28) thrown at [/HUDSON/workspace/8-2-build-linux-amd64/jdk8u91/6644/hotspot/src/share/vm/prims/jni.cpp, line 709]
Event: 4.967 Thread 0x00007f08386ff800 Exception <a 'java/net/SocketException': Socket closed> (0x00000000f5fd6788) thrown at [/HUDSON/workspace/8-2-build-linux-amd64/jdk8u91/6644/hotspot/src/share/vm/prims/jni.cpp, line 735]
Event: 1875.588 Thread 0x00007f07e800f000 Exception <a 'java/lang/ClassCastException': java.lang.Boolean cannot be cast to clojure.lang.IFn> (0x00000000f93c5510) thrown at [/HUDSON/workspace/8-2-build-linux-amd64/jdk8u91/6644/hotspot/src/share/vm/interpreter/interpreterRuntime.cpp, line 381]
Event: 1884.148 Thread 0x00007f07e800f000 Exception <a 'java/lang/ClassCastException': java.lang.Boolean cannot be cast to clojure.lang.IFn> (0x00000000f93f39a0) thrown at [/HUDSON/workspace/8-2-build-linux-amd64/jdk8u91/6644/hotspot/src/share/vm/interpreter/interpreterRuntime.cpp, line 381]
Event: 2067.766 Thread 0x00007f07f8023000 Exception <a 'java/lang/ClassCastException'> (0x00000000f79be6b8) thrown at [/HUDSON/workspace/8-2-build-linux-amd64/jdk8u91/6644/hotspot/src/share/vm/runtime/sharedRuntime.cpp, line 605]

Events (10 events):
Event: 79186.726 Executing VM operation: ParallelGCFailedAllocation done
Event: 79187.224 Executing VM operation: ParallelGCFailedAllocation
Event: 79187.706 Executing VM operation: ParallelGCFailedAllocation done
Event: 79188.251 Executing VM operation: ParallelGCFailedAllocation
Event: 79188.301 Executing VM operation: ParallelGCFailedAllocation done
Event: 79188.792 Executing VM operation: ParallelGCFailedAllocation
Event: 79188.811 Executing VM operation: ParallelGCFailedAllocation done
Event: 79189.337 Executing VM operation: ParallelGCFailedAllocation
Event: 79189.355 Executing VM operation: ParallelGCFailedAllocation done
Event: 79189.944 Executing VM operation: ParallelGCFailedAllocation


Dynamic libraries:
00400000-00401000 r-xp 00000000 fe:01 272467                             /usr/lib/jvm/java-8-oracle/jre/bin/java
00600000-00601000 rw-p 00000000 fe:01 272467                             /usr/lib/jvm/java-8-oracle/jre/bin/java
00a3f000-00a60000 rw-p 00000000 00:00 0                                  [heap]
e0800000-e6680000 rw-p 00000000 00:00 0 
e8c80000-f5800000 ---p 00000000 00:00 0 
f5800000-fff00000 rw-p 00000000 00:00 0 
fff00000-100000000 ---p 00000000 00:00 0 
100000000-1005e0000 rw-p 00000000 00:00 0 
1005e0000-140000000 ---p 00000000 00:00 0 
7f07e8000000-7f07e80ab000 rw-p 00000000 00:00 0 
7f07e80ab000-7f07ec000000 ---p 00000000 00:00 0 
7f07f0000000-7f07f0044000 rw-p 00000000 00:00 0 
7f07f0044000-7f07f4000000 ---p 00000000 00:00 0 
7f07f4000000-7f07f4033000 rw-p 00000000 00:00 0 
7f07f4033000-7f07f8000000 ---p 00000000 00:00 0 
7f07f8000000-7f07f829f000 rw-p 00000000 00:00 0 
7f07f829f000-7f07fc000000 ---p 00000000 00:00 0 
7f07fc000000-7f07fc02d000 rw-p 00000000 00:00 0 
7f07fc02d000-7f0800000000 ---p 00000000 00:00 0 
7f0800000000-7f080047a000 rw-p 00000000 00:00 0 
7f080047a000-7f0804000000 ---p 00000000 00:00 0 
7f0804000000-7f0804021000 rw-p 00000000 00:00 0 
7f0804021000-7f0808000000 ---p 00000000 00:00 0 
7f0808000000-7f0808021000 rw-p 00000000 00:00 0 
7f0808021000-7f080c000000 ---p 00000000 00:00 0 
7f080c000000-7f080c05e000 rw-p 00000000 00:00 0 
7f080c05e000-7f0810000000 ---p 00000000 00:00 0 
7f0810000000-7f0810021000 rw-p 00000000 00:00 0 
7f0810021000-7f0814000000 ---p 00000000 00:00 0 
7f0814000000-7f0814021000 rw-p 00000000 00:00 0 
7f0814021000-7f0818000000 ---p 00000000 00:00 0 
7f0818000000-7f0818294000 rw-p 00000000 00:00 0 
7f0818294000-7f081c000000 ---p 00000000 00:00 0 
7f081c000000-7f081c039000 rw-p 00000000 00:00 0 
7f081c039000-7f0820000000 ---p 00000000 00:00 0 
7f0821483000-7f08214c3000 rw-p 00000000 00:00 0 
7f08214c3000-7f0821683000 ---p 00000000 00:00 0 
7f0821683000-7f0821686000 ---p 00000000 00:00 0 
7f0821686000-7f0821784000 rw-p 00000000 00:00 0                          [stack:16940]
7f0821784000-7f0821787000 ---p 00000000 00:00 0 
7f0821787000-7f0821885000 rw-p 00000000 00:00 0                          [stack:31829]
7f0821885000-7f0821888000 ---p 00000000 00:00 0 
7f0821888000-7f0821986000 rw-p 00000000 00:00 0                          [stack:16941]
7f0821986000-7f0821989000 ---p 00000000 00:00 0 
7f0821989000-7f0821a87000 rw-p 00000000 00:00 0                          [stack:31827]
7f0821a87000-7f0821a8a000 ---p 00000000 00:00 0 
7f0821a8a000-7f0821b88000 rw-p 00000000 00:00 0                          [stack:1055]
7f0821b88000-7f0821b8b000 ---p 00000000 00:00 0 
7f0821b8b000-7f0821c89000 rw-p 00000000 00:00 0 
7f0821c89000-7f0821c8c000 ---p 00000000 00:00 0 
7f0821c8c000-7f0821d8a000 rw-p 00000000 00:00 0 
7f0821d9d000-7f0821da0000 ---p 00000000 00:00 0 
7f0821da0000-7f082209e000 rw-p 00000000 00:00 0 
7f082209e000-7f082229e000 rw-p 00000000 00:00 0 
7f082229e000-7f08222a1000 ---p 00000000 00:00 0 
7f08222a1000-7f082259f000 rw-p 00000000 00:00 0                          [stack:31818]
7f082259f000-7f08225a2000 ---p 00000000 00:00 0 
7f08225a2000-7f08226a0000 rw-p 00000000 00:00 0                          [stack:31817]
7f08226a0000-7f08226b1000 r-xp 00000000 fe:01 272665                     /usr/lib/jvm/java-8-oracle/jre/lib/amd64/libnio.so
7f08226b1000-7f08228b0000 ---p 00011000 fe:01 272665                     /usr/lib/jvm/java-8-oracle/jre/lib/amd64/libnio.so
7f08228b0000-7f08228b1000 rw-p 00010000 fe:01 272665                     /usr/lib/jvm/java-8-oracle/jre/lib/amd64/libnio.so
7f08228b1000-7f08228bb000 r--s 00116000 fe:01 402434                     /usr/lib/jvm/java-8-oracle/jre/lib/ext/localedata.jar
7f08228bb000-7f0822abb000 rw-p 00000000 00:00 0 
7f0822abb000-7f0822ac4000 r-xp 00000000 fe:01 272670                     /usr/lib/jvm/java-8-oracle/jre/lib/amd64/libmanagement.so
7f0822ac4000-7f0822cc3000 ---p 00009000 fe:01 272670                     /usr/lib/jvm/java-8-oracle/jre/lib/amd64/libmanagement.so
7f0822cc3000-7f0822cc4000 rw-p 00008000 fe:01 272670                     /usr/lib/jvm/java-8-oracle/jre/lib/amd64/libmanagement.so
7f0822cc4000-7f0822cda000 r-xp 00000000 fe:01 272662                     /usr/lib/jvm/java-8-oracle/jre/lib/amd64/libnet.so
7f0822cda000-7f0822eda000 ---p 00016000 fe:01 272662                     /usr/lib/jvm/java-8-oracle/jre/lib/amd64/libnet.so
7f0822eda000-7f0822edb000 rw-p 00016000 fe:01 272662                     /usr/lib/jvm/java-8-oracle/jre/lib/amd64/libnet.so
7f0822edb000-7f08230db000 rw-p 00000000 00:00 0 
7f08230db000-7f0823106000 r--s 001fc000 fe:01 418715                     /home/vs/.m2/repository/com/google/guava/guava/18.0/guava-18.0.jar
7f0823106000-7f0823149000 r--s 00332000 fe:01 288382                     /home/vs/.m2/repository/org/clojure/clojure/1.8.0/clojure-1.8.0.jar
7f0823149000-7f082314a000 ---p 00000000 00:00 0 
7f082314a000-7f082324a000 rw-p 00000000 00:00 0                          [stack:31811]
7f082324a000-7f082324d000 ---p 00000000 00:00 0 
7f082324d000-7f082334b000 rw-p 00000000 00:00 0                          [stack:31810]
7f082334b000-7f082334e000 ---p 00000000 00:00 0 
7f082334e000-7f082344c000 rw-p 00000000 00:00 0                          [stack:31809]
7f082344c000-7f082344f000 ---p 00000000 00:00 0 
7f082344f000-7f082354d000 rw-p 00000000 00:00 0                          [stack:31808]
7f082354d000-7f0823550000 ---p 00000000 00:00 0 
7f0823550000-7f082364e000 rw-p 00000000 00:00 0                          [stack:31807]
7f082364e000-7f08237d7000 r--p 00000000 fe:01 5762                       /usr/lib/locale/locale-archive
7f08237d7000-7f08237da000 ---p 00000000 00:00 0 
7f08237da000-7f08238d8000 rw-p 00000000 00:00 0                          [stack:31806]
7f08238d8000-7f08238db000 ---p 00000000 00:00 0 
7f08238db000-7f08239d9000 rw-p 00000000 00:00 0                          [stack:31805]
7f08239d9000-7f08239da000 ---p 00000000 00:00 0 
7f08239da000-7f0824000000 rw-p 00000000 00:00 0                          [stack:31804]
7f0824000000-7f0824022000 rw-p 00000000 00:00 0 
7f0824022000-7f0828000000 ---p 00000000 00:00 0 
7f0828003000-7f0828004000 rw-p 00000000 00:00 0 
7f0828004000-7f0828020000 r--s 00393000 fe:01 402427                     /usr/lib/jvm/java-8-oracle/jre/lib/ext/cldrdata.jar
7f0828020000-7f08284b5000 rw-p 00000000 00:00 0 
7f08284b5000-7f082868e000 r--s 03d1f000 fe:01 272573                     /usr/lib/jvm/java-8-oracle/jre/lib/rt.jar
7f082868e000-7f0829000000 rw-p 00000000 00:00 0 
7f0829000000-7f0829730000 rwxp 00000000 00:00 0 
7f0829730000-7f0838000000 ---p 00000000 00:00 0 
7f0838000000-7f0838eaf000 rw-p 00000000 00:00 0 
7f0838eaf000-7f083c000000 ---p 00000000 00:00 0 
7f083c000000-7f083c006000 r--s 0004f000 fe:01 418713                     /home/vs/.m2/repository/org/mongodb/mongodb-driver/3.2.0/mongodb-driver-3.2.0.jar
7f083c006000-7f083c019000 r--s 000cc000 fe:01 418714                     /home/vs/.m2/repository/org/mongodb/mongodb-driver-core/3.2.0/mongodb-driver-core-3.2.0.jar
7f083c019000-7f083d034000 rw-p 00000000 00:00 0 
7f083d034000-7f083d035000 ---p 00000000 00:00 0 
7f083d035000-7f083d135000 rw-p 00000000 00:00 0                          [stack:31803]
7f083d135000-7f083d136000 ---p 00000000 00:00 0 
7f083d136000-7f083d266000 rw-p 00000000 00:00 0                          [stack:31802]
7f083d266000-7f083d2de000 ---p 00000000 00:00 0 
7f083d2de000-7f083d332000 rw-p 00000000 00:00 0 
7f083d332000-7f083d350000 rw-p 00000000 00:00 0 
7f083d350000-7f083d6f3000 ---p 00000000 00:00 0 
7f083d6f3000-7f083d70d000 r-xp 00000000 fe:01 272658                     /usr/lib/jvm/java-8-oracle/jre/lib/amd64/libzip.so
7f083d70d000-7f083d90d000 ---p 0001a000 fe:01 272658                     /usr/lib/jvm/java-8-oracle/jre/lib/amd64/libzip.so
7f083d90d000-7f083d90e000 rw-p 0001a000 fe:01 272658                     /usr/lib/jvm/java-8-oracle/jre/lib/amd64/libzip.so
7f083d90e000-7f083d919000 r-xp 00000000 fe:01 46922                      /lib/x86_64-linux-gnu/libnss_files-2.19.so
7f083d919000-7f083db18000 ---p 0000b000 fe:01 46922                      /lib/x86_64-linux-gnu/libnss_files-2.19.so
7f083db18000-7f083db19000 r--p 0000a000 fe:01 46922                      /lib/x86_64-linux-gnu/libnss_files-2.19.so
7f083db19000-7f083db1a000 rw-p 0000b000 fe:01 46922                      /lib/x86_64-linux-gnu/libnss_files-2.19.so
7f083db1a000-7f083db24000 r-xp 00000000 fe:01 46924                      /lib/x86_64-linux-gnu/libnss_nis-2.19.so
7f083db24000-7f083dd23000 ---p 0000a000 fe:01 46924                      /lib/x86_64-linux-gnu/libnss_nis-2.19.so
7f083dd23000-7f083dd24000 r--p 00009000 fe:01 46924                      /lib/x86_64-linux-gnu/libnss_nis-2.19.so
7f083dd24000-7f083dd25000 rw-p 0000a000 fe:01 46924                      /lib/x86_64-linux-gnu/libnss_nis-2.19.so
7f083dd25000-7f083dd3a000 r-xp 00000000 fe:01 46919                      /lib/x86_64-linux-gnu/libnsl-2.19.so
7f083dd3a000-7f083df39000 ---p 00015000 fe:01 46919                      /lib/x86_64-linux-gnu/libnsl-2.19.so
7f083df39000-7f083df3a000 r--p 00014000 fe:01 46919                      /lib/x86_64-linux-gnu/libnsl-2.19.so
7f083df3a000-7f083df3b000 rw-p 00015000 fe:01 46919                      /lib/x86_64-linux-gnu/libnsl-2.19.so
7f083df3b000-7f083df3d000 rw-p 00000000 00:00 0 
7f083df3d000-7f083df44000 r-xp 00000000 fe:01 46920                      /lib/x86_64-linux-gnu/libnss_compat-2.19.so
7f083df44000-7f083e143000 ---p 00007000 fe:01 46920                      /lib/x86_64-linux-gnu/libnss_compat-2.19.so
7f083e143000-7f083e144000 r--p 00006000 fe:01 46920                      /lib/x86_64-linux-gnu/libnss_compat-2.19.so
7f083e144000-7f083e145000 rw-p 00007000 fe:01 46920                      /lib/x86_64-linux-gnu/libnss_compat-2.19.so
7f083e145000-7f083e16f000 r-xp 00000000 fe:01 272653                     /usr/lib/jvm/java-8-oracle/jre/lib/amd64/libjava.so
7f083e16f000-7f083e36f000 ---p 0002a000 fe:01 272653                     /usr/lib/jvm/java-8-oracle/jre/lib/amd64/libjava.so
7f083e36f000-7f083e371000 rw-p 0002a000 fe:01 272653                     /usr/lib/jvm/java-8-oracle/jre/lib/amd64/libjava.so
7f083e371000-7f083e37e000 r-xp 00000000 fe:01 272657                     /usr/lib/jvm/java-8-oracle/jre/lib/amd64/libverify.so
7f083e37e000-7f083e57e000 ---p 0000d000 fe:01 272657                     /usr/lib/jvm/java-8-oracle/jre/lib/amd64/libverify.so
7f083e57e000-7f083e580000 rw-p 0000d000 fe:01 272657                     /usr/lib/jvm/java-8-oracle/jre/lib/amd64/libverify.so
7f083e580000-7f083e587000 r-xp 00000000 fe:01 46928                      /lib/x86_64-linux-gnu/librt-2.19.so
7f083e587000-7f083e786000 ---p 00007000 fe:01 46928                      /lib/x86_64-linux-gnu/librt-2.19.so
7f083e786000-7f083e787000 r--p 00006000 fe:01 46928                      /lib/x86_64-linux-gnu/librt-2.19.so
7f083e787000-7f083e788000 rw-p 00007000 fe:01 46928                      /lib/x86_64-linux-gnu/librt-2.19.so
7f083e788000-7f083e888000 r-xp 00000000 fe:01 46917                      /lib/x86_64-linux-gnu/libm-2.19.so
7f083e888000-7f083ea87000 ---p 00100000 fe:01 46917                      /lib/x86_64-linux-gnu/libm-2.19.so
7f083ea87000-7f083ea88000 r--p 000ff000 fe:01 46917                      /lib/x86_64-linux-gnu/libm-2.19.so
7f083ea88000-7f083ea89000 rw-p 00100000 fe:01 46917                      /lib/x86_64-linux-gnu/libm-2.19.so
7f083ea89000-7f083f749000 r-xp 00000000 fe:01 272636                     /usr/lib/jvm/java-8-oracle/jre/lib/amd64/server/libjvm.so
7f083f749000-7f083f949000 ---p 00cc0000 fe:01 272636                     /usr/lib/jvm/java-8-oracle/jre/lib/amd64/server/libjvm.so
7f083f949000-7f083fa21000 rw-p 00cc0000 fe:01 272636                     /usr/lib/jvm/java-8-oracle/jre/lib/amd64/server/libjvm.so
7f083fa21000-7f083fa6c000 rw-p 00000000 00:00 0 
7f083fa6c000-7f083fc0e000 r-xp 00000000 fe:01 46913                      /lib/x86_64-linux-gnu/libc-2.19.so
7f083fc0e000-7f083fe0d000 ---p 001a2000 fe:01 46913                      /lib/x86_64-linux-gnu/libc-2.19.so
7f083fe0d000-7f083fe11000 r--p 001a1000 fe:01 46913                      /lib/x86_64-linux-gnu/libc-2.19.so
7f083fe11000-7f083fe13000 rw-p 001a5000 fe:01 46913                      /lib/x86_64-linux-gnu/libc-2.19.so
7f083fe13000-7f083fe17000 rw-p 00000000 00:00 0 
7f083fe17000-7f083fe1a000 r-xp 00000000 fe:01 46916                      /lib/x86_64-linux-gnu/libdl-2.19.so
7f083fe1a000-7f0840019000 ---p 00003000 fe:01 46916                      /lib/x86_64-linux-gnu/libdl-2.19.so
7f0840019000-7f084001a000 r--p 00002000 fe:01 46916                      /lib/x86_64-linux-gnu/libdl-2.19.so
7f084001a000-7f084001b000 rw-p 00003000 fe:01 46916                      /lib/x86_64-linux-gnu/libdl-2.19.so
7f084001b000-7f0840030000 r-xp 00000000 fe:01 272631                     /usr/lib/jvm/java-8-oracle/jre/lib/amd64/jli/libjli.so
7f0840030000-7f0840230000 ---p 00015000 fe:01 272631                     /usr/lib/jvm/java-8-oracle/jre/lib/amd64/jli/libjli.so
7f0840230000-7f0840231000 rw-p 00015000 fe:01 272631                     /usr/lib/jvm/java-8-oracle/jre/lib/amd64/jli/libjli.so
7f0840231000-7f0840249000 r-xp 00000000 fe:01 46909                      /lib/x86_64-linux-gnu/libpthread-2.19.so
7f0840249000-7f0840448000 ---p 00018000 fe:01 46909                      /lib/x86_64-linux-gnu/libpthread-2.19.so
7f0840448000-7f0840449000 r--p 00017000 fe:01 46909                      /lib/x86_64-linux-gnu/libpthread-2.19.so
7f0840449000-7f084044a000 rw-p 00018000 fe:01 46909                      /lib/x86_64-linux-gnu/libpthread-2.19.so
7f084044a000-7f084044e000 rw-p 00000000 00:00 0 
7f084044e000-7f084046e000 r-xp 00000000 fe:01 46910                      /lib/x86_64-linux-gnu/ld-2.19.so
7f084046e000-7f0840472000 r--s 00097000 fe:01 272606                     /usr/lib/jvm/java-8-oracle/jre/lib/jsse.jar
7f0840472000-7f0840473000 r--s 0000a000 fe:01 418722                     /home/vs/.m2/repository/com/novemberain/monger/3.0.2/monger-3.0.2.jar
7f0840473000-7f0840478000 r--s 00033000 fe:01 418712                     /home/vs/.m2/repository/org/mongodb/bson/3.2.0/bson-3.2.0.jar
7f0840478000-7f0840479000 r--s 00002000 fe:01 288384                     /home/vs/.m2/repository/clojure-complete/clojure-complete/0.2.4/clojure-complete-0.2.4.jar
7f0840479000-7f084047f000 r--s 00031000 fe:01 403297                     /home/vs/.m2/repository/org/yaml/snakeyaml/1.5/snakeyaml-1.5.jar
7f084047f000-7f08404e1000 rw-p 00000000 00:00 0 
7f08404e1000-7f0840559000 ---p 00000000 00:00 0 
7f0840559000-7f0840561000 rw-s 00000000 fe:01 270902                     /tmp/hsperfdata_vs/31796
7f0840561000-7f0840564000 ---p 00000000 00:00 0 
7f0840564000-7f0840666000 rw-p 00000000 00:00 0                          [stack:31801]
7f0840666000-7f0840667000 r--s 00009000 fe:01 288380                     /home/vs/.m2/repository/org/clojure/tools.nrepl/0.2.12/tools.nrepl-0.2.12.jar
7f0840667000-7f0840668000 r--s 00000000 fe:01 270900                     /home/vs/.m2/repository/clj-yaml/clj-yaml/0.4.0/clj-yaml-0.4.0.jar
7f0840668000-7f084066a000 r--s 00002000 fe:01 418720                     /home/vs/.m2/repository/clojurewerkz/support/1.1.0/support-1.1.0.jar
7f084066a000-7f084066b000 rw-p 00000000 00:00 0 
7f084066b000-7f084066c000 ---p 00000000 00:00 0 
7f084066c000-7f084066e000 rw-p 00000000 00:00 0 
7f084066e000-7f084066f000 r--p 00020000 fe:01 46910                      /lib/x86_64-linux-gnu/ld-2.19.so
7f084066f000-7f0840670000 rw-p 00021000 fe:01 46910                      /lib/x86_64-linux-gnu/ld-2.19.so
7f0840670000-7f0840671000 rw-p 00000000 00:00 0 
7ffeae1c4000-7ffeae1e5000 rw-p 00000000 00:00 0                          [stack]
7ffeae1ef000-7ffeae1f1000 r-xp 00000000 00:00 0                          [vdso]
7ffeae1f1000-7ffeae1f3000 r--p 00000000 00:00 0                          [vvar]
ffffffffff600000-ffffffffff601000 r-xp 00000000 00:00 0                  [vsyscall]

VM Arguments:
jvm_args: -Dfile.encoding=UTF-8 -XX:+TieredCompilation -XX:TieredStopAtLevel=1 -XX:-OmitStackTraceInFastThrow -Dclojure.compile.path=/home/vs/src/motodata-clj/target/classes -Dmotodata-clj.version=0.1.0-SNAPSHOT -Dclojure.debug=false 
java_command: clojure.main -i /tmp/form-init2616753375457617957.clj
java_class_path (initial): /home/vs/src/motodata-clj/test:/home/vs/src/motodata-clj/src:/home/vs/src/motodata-clj/dev-resources:/home/vs/src/motodata-clj/resources:/home/vs/src/motodata-clj/target/classes:/home/vs/.m2/repository/org/clojure/clojure/1.8.0/clojure-1.8.0.jar:/home/vs/.m2/repository/com/google/guava/guava/18.0/guava-18.0.jar:/home/vs/.m2/repository/org/yaml/snakeyaml/1.5/snakeyaml-1.5.jar:/home/vs/.m2/repository/clojurewerkz/support/1.1.0/support-1.1.0.jar:/home/vs/.m2/repository/clj-yaml/clj-yaml/0.4.0/clj-yaml-0.4.0.jar:/home/vs/.m2/repository/org/mongodb/mongodb-driver-core/3.2.0/mongodb-driver-core-3.2.0.jar:/home/vs/.m2/repository/org/clojure/tools.nrepl/0.2.12/tools.nrepl-0.2.12.jar:/home/vs/.m2/repository/clojure-complete/clojure-complete/0.2.4/clojure-complete-0.2.4.jar:/home/vs/.m2/repository/org/mongodb/bson/3.2.0/bson-3.2.0.jar:/home/vs/.m2/repository/org/mongodb/mongodb-driver/3.2.0/mongodb-driver-3.2.0.jar:/home/vs/.m2/repository/com/novemberain/monger/3.0.2/monger-3.0.2.jar
Launcher Type: SUN_STANDARD

Environment Variables:
CLASSPATH=/home/vs/.lein/self-installs/leiningen-2.6.1-standalone.jar
PATH=/home/vs/bin:/usr/local/bin:/usr/bin:/bin:/usr/local/games:/usr/games
SHELL=/bin/bash

Signal Handlers:
SIGSEGV: [libjvm.so+0xabca10], sa_mask[0]=11111111011111111101111111111110, sa_flags=SA_RESTART|SA_SIGINFO
SIGBUS: [libjvm.so+0xabca10], sa_mask[0]=11111111011111111101111111111110, sa_flags=SA_RESTART|SA_SIGINFO
SIGFPE: [libjvm.so+0x919a20], sa_mask[0]=11111111011111111101111111111110, sa_flags=SA_RESTART|SA_SIGINFO
SIGPIPE: [libjvm.so+0x919a20], sa_mask[0]=11111111011111111101111111111110, sa_flags=SA_RESTART|SA_SIGINFO
SIGXFSZ: [libjvm.so+0x919a20], sa_mask[0]=11111111011111111101111111111110, sa_flags=SA_RESTART|SA_SIGINFO
SIGILL: [libjvm.so+0x919a20], sa_mask[0]=11111111011111111101111111111110, sa_flags=SA_RESTART|SA_SIGINFO
SIGUSR1: SIG_DFL, sa_mask[0]=00000000000000000000000000000000, sa_flags=none
SIGUSR2: [libjvm.so+0x91b050], sa_mask[0]=00100000000000000000000000000000, sa_flags=SA_RESTART|SA_SIGINFO
SIGHUP: [libjvm.so+0x91c450], sa_mask[0]=11111111011111111101111111111110, sa_flags=SA_RESTART|SA_SIGINFO
SIGINT: [libjvm.so+0x91c450], sa_mask[0]=11111111011111111101111111111110, sa_flags=SA_RESTART|SA_SIGINFO
SIGTERM: [libjvm.so+0x91c450], sa_mask[0]=11111111011111111101111111111110, sa_flags=SA_RESTART|SA_SIGINFO
SIGQUIT: [libjvm.so+0x91c450], sa_mask[0]=11111111011111111101111111111110, sa_flags=SA_RESTART|SA_SIGINFO


---------------  S Y S T E M  ---------------

OS:PRETTY_NAME="Debian GNU/Linux 8 (jessie)"
NAME="Debian GNU/Linux"
VERSION_ID="8"
VERSION="8 (jessie)"
ID=debian
HOME_URL="http://www.debian.org/"
SUPPORT_URL="http://www.debian.org/support"
BUG_REPORT_URL="https://bugs.debian.org/"

uname:Linux 3.16.0-4-amd64 #1 SMP Debian 3.16.7-ckt11-1+deb8u6 (2015-11-09) x86_64
libc:glibc 2.19 NPTL 2.19 
rlimit: STACK 8192k, CORE 0k, NPROC 7972, NOFILE 65536, AS infinity
load average:0.24 0.08 0.06

/proc/meminfo:
MemTotal:        2058600 kB
MemFree:           65140 kB
MemAvailable:      24652 kB
Buffers:             172 kB
Cached:            61460 kB
SwapCached:            0 kB
Active:          1849640 kB
Inactive:          58216 kB
Active(anon):    1849340 kB
Inactive(anon):    53268 kB
Active(file):        300 kB
Inactive(file):     4948 kB
Unevictable:           0 kB
Mlocked:               0 kB
SwapTotal:             0 kB
SwapFree:              0 kB
Dirty:                52 kB
Writeback:             0 kB
AnonPages:       1846448 kB
Mapped:            18196 kB
Shmem:             56160 kB
Slab:              47592 kB
SReclaimable:      26396 kB
SUnreclaim:        21196 kB
KernelStack:        5280 kB
PageTables:        13964 kB
NFS_Unstable:          0 kB
Bounce:                0 kB
WritebackTmp:          0 kB
CommitLimit:     1029300 kB
Committed_AS:    3076744 kB
VmallocTotal:   34359738367 kB
VmallocUsed:        6224 kB
VmallocChunk:   34359718772 kB
HardwareCorrupted:     0 kB
AnonHugePages:         0 kB
HugePages_Total:       0
HugePages_Free:        0
HugePages_Rsvd:        0
HugePages_Surp:        0
Hugepagesize:       2048 kB
DirectMap4k:       51192 kB
DirectMap2M:     2045952 kB
DirectMap1G:           0 kB


CPU:total 2 (1 cores per cpu, 1 threads per core) family 6 model 44 stepping 2, cmov, cx8, fxsr, mmx, sse, sse2, sse3, ssse3, sse4.1, sse4.2, popcnt, aes, clmul, tsc

/proc/cpuinfo:
processor	: 0
vendor_id	: GenuineIntel
cpu family	: 6
model		: 44
model name	: Intel(R) Xeon(R) CPU           E5620  @ 2.40GHz
stepping	: 2
microcode	: 0x1
cpu MHz		: 2400.084
cache size	: 4096 KB
physical id	: 0
siblings	: 1
core id		: 0
cpu cores	: 1
apicid		: 0
initial apicid	: 0
fpu		: yes
fpu_exception	: yes
cpuid level	: 11
wp		: yes
flags		: fpu vme de pse tsc msr pae mce cx8 apic sep mtrr pge mca cmov pat pse36 clflush mmx fxsr sse sse2 ss syscall nx pdpe1gb rdtscp lm constant_tsc arch_perfmon rep_good nopl pni pclmulqdq ssse3 cx16 pcid sse4_1 sse4_2 x2apic popcnt aes hypervisor lahf_lm tsc_adjust
bogomips	: 4800.16
clflush size	: 64
cache_alignment	: 64
address sizes	: 40 bits physical, 48 bits virtual
power management:

processor	: 1
vendor_id	: GenuineIntel
cpu family	: 6
model		: 44
model name	: Intel(R) Xeon(R) CPU           E5620  @ 2.40GHz
stepping	: 2
microcode	: 0x1
cpu MHz		: 2400.084
cache size	: 4096 KB
physical id	: 1
siblings	: 1
core id		: 0
cpu cores	: 1
apicid		: 1
initial apicid	: 1
fpu		: yes
fpu_exception	: yes
cpuid level	: 11
wp		: yes
flags		: fpu vme de pse tsc msr pae mce cx8 apic sep mtrr pge mca cmov pat pse36 clflush mmx fxsr sse sse2 ss syscall nx pdpe1gb rdtscp lm constant_tsc arch_perfmon rep_good nopl pni pclmulqdq ssse3 cx16 pcid sse4_1 sse4_2 x2apic popcnt aes hypervisor lahf_lm tsc_adjust
bogomips	: 4800.16
clflush size	: 64
cache_alignment	: 64
address sizes	: 40 bits physical, 48 bits virtual
power management:



Memory: 4k page, physical 2058600k(65016k free), swap 0k(0k free)

vm_info: Java HotSpot(TM) 64-Bit Server VM (25.91-b14) for linux-amd64 JRE (1.8.0_91-b14), built on Apr  1 2016 00:57:21 by "java_re" with gcc 4.3.0 20080428 (Red Hat 4.3.0-8)

time: Tue Jul 26 12:28:51 2016
elapsed time: 79191 seconds (0d 21h 59m 51s)

